mode: set
MCPWeaver/internal/mapping/service.go:12.31,13.13 1 1
MCPWeaver/internal/mapping/service.go:13.13,15.3 1 0
MCPWeaver/internal/mapping/service.go:16.2,18.22 3 1
MCPWeaver/internal/mapping/service.go:54.42,58.2 1 1
MCPWeaver/internal/mapping/service.go:61.90,65.32 3 0
MCPWeaver/internal/mapping/service.go:65.32,67.17 2 0
MCPWeaver/internal/mapping/service.go:67.17,69.4 1 0
MCPWeaver/internal/mapping/service.go:72.3,72.52 1 0
MCPWeaver/internal/mapping/service.go:72.52,75.4 2 0
MCPWeaver/internal/mapping/service.go:75.9,77.4 1 0
MCPWeaver/internal/mapping/service.go:79.3,79.30 1 0
MCPWeaver/internal/mapping/service.go:82.2,82.19 1 0
MCPWeaver/internal/mapping/service.go:86.76,101.38 2 1
MCPWeaver/internal/mapping/service.go:101.38,103.17 2 1
MCPWeaver/internal/mapping/service.go:103.17,105.4 1 0
MCPWeaver/internal/mapping/service.go:107.3,109.21 2 1
MCPWeaver/internal/mapping/service.go:109.21,111.4 1 1
MCPWeaver/internal/mapping/service.go:115.2,115.98 1 1
MCPWeaver/internal/mapping/service.go:115.98,117.17 2 0
MCPWeaver/internal/mapping/service.go:117.17,119.4 1 0
MCPWeaver/internal/mapping/service.go:121.3,123.30 2 0
MCPWeaver/internal/mapping/service.go:123.30,125.4 1 0
MCPWeaver/internal/mapping/service.go:128.2,128.18 1 1
MCPWeaver/internal/mapping/service.go:132.64,133.17 1 1
MCPWeaver/internal/mapping/service.go:133.17,135.3 1 1
MCPWeaver/internal/mapping/service.go:138.2,141.29 3 1
MCPWeaver/internal/mapping/service.go:141.29,142.17 1 1
MCPWeaver/internal/mapping/service.go:142.17,143.12 1 1
MCPWeaver/internal/mapping/service.go:146.3,149.26 3 1
MCPWeaver/internal/mapping/service.go:149.26,151.4 1 1
MCPWeaver/internal/mapping/service.go:152.3,152.40 1 1
MCPWeaver/internal/mapping/service.go:155.2,156.55 2 1
MCPWeaver/internal/mapping/service.go:160.71,161.26 1 1
MCPWeaver/internal/mapping/service.go:161.26,163.3 1 1
MCPWeaver/internal/mapping/service.go:165.2,165.22 1 1
MCPWeaver/internal/mapping/service.go:165.22,167.3 1 1
MCPWeaver/internal/mapping/service.go:170.2,173.47 3 1
MCPWeaver/internal/mapping/service.go:177.61,178.33 1 1
MCPWeaver/internal/mapping/service.go:179.13,180.20 1 1
MCPWeaver/internal/mapping/service.go:181.14,182.18 1 1
MCPWeaver/internal/mapping/service.go:183.13,184.18 1 1
MCPWeaver/internal/mapping/service.go:185.15,186.18 1 1
MCPWeaver/internal/mapping/service.go:187.16,188.18 1 1
MCPWeaver/internal/mapping/service.go:189.10,190.32 1 1
MCPWeaver/internal/mapping/service.go:195.59,197.39 2 1
MCPWeaver/internal/mapping/service.go:197.39,199.49 2 1
MCPWeaver/internal/mapping/service.go:199.49,201.4 1 1
MCPWeaver/internal/mapping/service.go:203.2,203.19 1 1
MCPWeaver/internal/mapping/service.go:207.84,214.54 2 1
MCPWeaver/internal/mapping/service.go:214.54,217.3 2 0
MCPWeaver/internal/mapping/service.go:219.2,222.49 2 1
MCPWeaver/internal/mapping/service.go:222.49,229.34 3 1
MCPWeaver/internal/mapping/service.go:229.34,231.4 1 0
MCPWeaver/internal/mapping/service.go:232.3,232.29 1 1
MCPWeaver/internal/mapping/service.go:233.8,235.3 1 0
MCPWeaver/internal/mapping/service.go:238.2,238.25 1 1
MCPWeaver/internal/mapping/service.go:238.25,240.3 1 1
MCPWeaver/internal/mapping/service.go:243.2,243.26 1 1
MCPWeaver/internal/mapping/service.go:243.26,244.39 1 0
MCPWeaver/internal/mapping/service.go:244.39,245.39 1 0
MCPWeaver/internal/mapping/service.go:245.39,247.5 1 0
MCPWeaver/internal/mapping/service.go:252.2,252.82 1 1
MCPWeaver/internal/mapping/service.go:252.82,254.74 2 0
MCPWeaver/internal/mapping/service.go:254.74,256.4 1 0
MCPWeaver/internal/mapping/service.go:256.9,258.4 1 0
MCPWeaver/internal/mapping/service.go:259.3,259.38 1 0
MCPWeaver/internal/mapping/service.go:259.38,261.4 1 0
MCPWeaver/internal/mapping/service.go:262.3,262.25 1 0
MCPWeaver/internal/mapping/service.go:265.2,265.22 1 1
MCPWeaver/internal/mapping/service.go:269.91,277.30 2 0
MCPWeaver/internal/mapping/service.go:277.30,279.73 1 0
MCPWeaver/internal/mapping/service.go:279.73,280.68 1 0
MCPWeaver/internal/mapping/service.go:280.68,284.5 1 0
MCPWeaver/internal/mapping/service.go:288.2,288.22 1 0
MCPWeaver/internal/generator/service.go:38.44,42.2 1 0
MCPWeaver/internal/generator/service.go:45.101,47.50 1 0
MCPWeaver/internal/generator/service.go:47.50,49.3 1 0
MCPWeaver/internal/generator/service.go:52.2,61.82 2 0
MCPWeaver/internal/generator/service.go:61.82,63.3 1 0
MCPWeaver/internal/generator/service.go:66.2,66.78 1 0
MCPWeaver/internal/generator/service.go:66.78,68.3 1 0
MCPWeaver/internal/generator/service.go:71.2,71.47 1 0
MCPWeaver/internal/generator/service.go:71.47,73.3 1 0
MCPWeaver/internal/generator/service.go:76.2,76.51 1 0
MCPWeaver/internal/generator/service.go:76.51,78.3 1 0
MCPWeaver/internal/generator/service.go:80.2,80.49 1 0
MCPWeaver/internal/generator/service.go:80.49,82.3 1 0
MCPWeaver/internal/generator/service.go:84.2,84.46 1 0
MCPWeaver/internal/generator/service.go:84.46,86.3 1 0
MCPWeaver/internal/generator/service.go:88.2,88.12 1 0
MCPWeaver/internal/generator/service.go:92.98,94.40 1 0
MCPWeaver/internal/generator/service.go:94.40,96.3 1 0
MCPWeaver/internal/generator/service.go:99.2,101.44 2 0
MCPWeaver/internal/generator/service.go:101.44,103.3 1 0
MCPWeaver/internal/generator/service.go:106.2,107.16 2 0
MCPWeaver/internal/generator/service.go:107.16,109.3 1 0
MCPWeaver/internal/generator/service.go:112.2,113.34 1 0
MCPWeaver/internal/generator/service.go:113.34,114.15 1 0
MCPWeaver/internal/generator/service.go:114.15,116.5 1 0
MCPWeaver/internal/generator/service.go:117.4,118.28 2 0
MCPWeaver/internal/generator/service.go:118.28,119.48 1 0
MCPWeaver/internal/generator/service.go:119.48,121.6 1 0
MCPWeaver/internal/generator/service.go:123.4,123.24 1 0
MCPWeaver/internal/generator/service.go:126.2,126.16 1 0
MCPWeaver/internal/generator/service.go:126.16,128.3 1 0
MCPWeaver/internal/generator/service.go:131.2,133.42 2 0
MCPWeaver/internal/generator/service.go:133.42,135.3 1 0
MCPWeaver/internal/generator/service.go:138.2,139.16 2 0
MCPWeaver/internal/generator/service.go:139.16,141.3 1 0
MCPWeaver/internal/generator/service.go:142.2,142.15 1 0
MCPWeaver/internal/generator/service.go:142.15,142.35 1 0
MCPWeaver/internal/generator/service.go:145.2,145.49 1 0
MCPWeaver/internal/generator/service.go:145.49,147.3 1 0
MCPWeaver/internal/generator/service.go:149.2,149.12 1 0
MCPWeaver/internal/generator/service.go:153.59,166.34 2 0
MCPWeaver/internal/generator/service.go:166.34,168.41 2 0
MCPWeaver/internal/generator/service.go:168.41,170.4 1 0
MCPWeaver/internal/generator/service.go:171.3,171.24 1 0
MCPWeaver/internal/generator/service.go:174.2,197.42 3 0
MCPWeaver/internal/generator/service.go:197.42,199.3 1 0
MCPWeaver/internal/generator/service.go:201.2,201.62 1 0
MCPWeaver/internal/generator/service.go:205.59,206.16 1 0
MCPWeaver/internal/generator/service.go:206.16,208.3 1 0
MCPWeaver/internal/generator/service.go:211.2,217.25 5 0
MCPWeaver/internal/generator/service.go:217.25,218.67 1 0
MCPWeaver/internal/generator/service.go:218.67,220.4 1 0
MCPWeaver/internal/generator/service.go:223.2,226.95 2 0
MCPWeaver/internal/generator/service.go:226.95,228.3 1 0
MCPWeaver/internal/generator/service.go:230.2,230.21 1 0
MCPWeaver/internal/generator/service.go:230.21,232.3 1 0
MCPWeaver/internal/generator/service.go:234.2,234.18 1 0
MCPWeaver/internal/generator/service.go:238.44,240.97 1 0
MCPWeaver/internal/generator/service.go:240.97,242.3 1 0
MCPWeaver/internal/generator/service.go:243.2,243.13 1 0
MCPWeaver/internal/generator/service.go:248.50,254.41 3 0
MCPWeaver/internal/generator/service.go:254.41,256.3 1 0
MCPWeaver/internal/generator/service.go:259.2,260.16 2 0
MCPWeaver/internal/generator/service.go:260.16,262.3 1 0
MCPWeaver/internal/generator/service.go:265.2,265.70 1 0
MCPWeaver/internal/generator/service.go:269.70,285.41 3 0
MCPWeaver/internal/generator/service.go:285.41,287.58 2 0
MCPWeaver/internal/generator/service.go:287.58,290.4 2 0
MCPWeaver/internal/generator/service.go:294.2,294.90 1 0
MCPWeaver/internal/generator/service.go:294.90,297.3 2 0
MCPWeaver/internal/generator/service.go:300.2,300.86 1 0
MCPWeaver/internal/generator/service.go:300.86,303.3 2 0
MCPWeaver/internal/generator/service.go:305.2,305.20 1 0
MCPWeaver/internal/generator/service.go:309.81,311.40 1 0
MCPWeaver/internal/generator/service.go:311.40,313.3 1 0
MCPWeaver/internal/generator/service.go:316.2,317.16 2 0
MCPWeaver/internal/generator/service.go:317.16,318.25 1 0
MCPWeaver/internal/generator/service.go:318.25,320.4 1 0
MCPWeaver/internal/generator/service.go:321.3,321.52 1 0
MCPWeaver/internal/generator/service.go:325.2,325.30 1 0
MCPWeaver/internal/generator/service.go:325.30,327.3 1 0
MCPWeaver/internal/generator/service.go:330.2,330.34 1 0
MCPWeaver/internal/generator/service.go:330.34,332.3 1 0
MCPWeaver/internal/generator/service.go:335.2,335.22 1 0
MCPWeaver/internal/generator/service.go:335.22,337.3 1 0
MCPWeaver/internal/generator/service.go:339.2,340.12 2 0
MCPWeaver/internal/generator/service.go:344.85,346.40 1 0
MCPWeaver/internal/generator/service.go:346.40,348.3 1 0
MCPWeaver/internal/generator/service.go:351.2,352.16 2 0
MCPWeaver/internal/generator/service.go:352.16,354.3 1 0
MCPWeaver/internal/generator/service.go:357.2,360.51 2 0
MCPWeaver/internal/generator/service.go:360.51,363.3 2 0
MCPWeaver/internal/generator/service.go:366.2,366.50 1 0
MCPWeaver/internal/generator/service.go:366.50,369.3 2 0
MCPWeaver/internal/generator/service.go:372.2,382.38 2 0
MCPWeaver/internal/generator/service.go:382.38,383.64 1 0
MCPWeaver/internal/generator/service.go:383.64,385.4 1 0
MCPWeaver/internal/generator/service.go:389.2,389.35 1 0
MCPWeaver/internal/generator/service.go:389.35,392.3 2 0
MCPWeaver/internal/generator/service.go:394.2,394.12 1 0
MCPWeaver/internal/generator/service.go:398.82,400.40 1 0
MCPWeaver/internal/generator/service.go:400.40,402.3 1 0
MCPWeaver/internal/generator/service.go:405.2,406.16 2 0
MCPWeaver/internal/generator/service.go:406.16,408.3 1 0
MCPWeaver/internal/generator/service.go:410.2,413.46 2 0
MCPWeaver/internal/generator/service.go:413.46,416.3 2 0
MCPWeaver/internal/generator/service.go:419.2,419.44 1 0
MCPWeaver/internal/generator/service.go:419.44,421.3 1 0
MCPWeaver/internal/generator/service.go:424.2,428.35 2 0
MCPWeaver/internal/generator/service.go:428.35,429.41 1 0
MCPWeaver/internal/generator/service.go:429.41,431.4 1 0
MCPWeaver/internal/generator/service.go:434.2,434.12 1 0
MCPWeaver/internal/generator/service.go:438.55,443.31 4 0
MCPWeaver/internal/generator/service.go:443.31,444.16 1 0
MCPWeaver/internal/generator/service.go:444.16,445.20 1 0
MCPWeaver/internal/generator/service.go:445.20,447.5 1 0
MCPWeaver/internal/generator/service.go:448.4,448.12 1 0
MCPWeaver/internal/generator/service.go:451.3,451.63 1 0
MCPWeaver/internal/generator/service.go:451.63,453.12 2 0
MCPWeaver/internal/generator/service.go:456.3,456.54 1 0
MCPWeaver/internal/generator/service.go:456.54,458.12 2 0
MCPWeaver/internal/generator/service.go:461.3,461.15 1 0
MCPWeaver/internal/generator/service.go:461.15,462.12 1 0
MCPWeaver/internal/generator/service.go:465.3,465.15 1 0
MCPWeaver/internal/generator/service.go:466.12,467.11 1 0
MCPWeaver/internal/generator/service.go:468.12,470.17 2 0
MCPWeaver/internal/generator/service.go:470.17,472.5 1 0
MCPWeaver/internal/generator/service.go:476.2,476.19 1 0
MCPWeaver/internal/generator/service.go:480.49,482.55 1 0
MCPWeaver/internal/generator/service.go:482.55,484.3 1 0
MCPWeaver/internal/generator/service.go:487.2,493.34 2 0
MCPWeaver/internal/generator/service.go:493.34,495.52 2 0
MCPWeaver/internal/generator/service.go:495.52,497.4 1 0
MCPWeaver/internal/generator/service.go:500.2,500.12 1 0
MCPWeaver/internal/generator/service.go:504.63,543.46 3 0
MCPWeaver/internal/generator/service.go:543.46,545.3 1 0
MCPWeaver/internal/generator/service.go:547.2,547.70 1 0
MCPWeaver/internal/generator/service.go:551.61,645.44 3 0
MCPWeaver/internal/generator/service.go:645.44,647.3 1 0
MCPWeaver/internal/generator/service.go:649.2,649.66 1 0
MCPWeaver/internal/generator/service.go:653.45,705.45 3 0
MCPWeaver/internal/generator/service.go:705.45,707.3 1 0
MCPWeaver/internal/generator/service.go:709.2,709.68 1 0
MCPWeaver/internal/app/app.go:34.20,42.2 1 1
MCPWeaver/internal/app/app.go:45.52,54.16 5 0
MCPWeaver/internal/app/app.go:54.16,56.3 1 0
MCPWeaver/internal/app/app.go:57.2,65.16 5 0
MCPWeaver/internal/app/app.go:65.16,69.3 2 0
MCPWeaver/internal/app/app.go:70.2,83.12 5 0
MCPWeaver/internal/app/app.go:87.53,94.41 2 0
MCPWeaver/internal/app/app.go:94.41,96.3 1 0
MCPWeaver/internal/app/app.go:99.2,99.17 1 0
MCPWeaver/internal/app/app.go:99.17,100.38 1 0
MCPWeaver/internal/app/app.go:100.38,102.4 1 0
MCPWeaver/internal/app/app.go:105.2,105.12 1 0
MCPWeaver/internal/app/app.go:109.59,111.2 1 0
MCPWeaver/internal/app/app.go:114.40,116.2 1 0
MCPWeaver/internal/app/app.go:119.40,121.2 1 0
MCPWeaver/internal/app/app.go:124.47,129.2 1 0
MCPWeaver/internal/app/app.go:132.55,135.2 1 0
MCPWeaver/internal/app/app.go:138.100,146.2 1 1
MCPWeaver/internal/app/app.go:149.40,151.2 1 0
MCPWeaver/internal/app/app.go:154.69,163.2 3 0
MCPWeaver/internal/app/app.go:166.73,173.2 1 0
MCPWeaver/internal/app/app.go:176.52,179.2 1 0
MCPWeaver/internal/app/app.go:182.36,185.2 1 0
MCPWeaver/internal/app/app.go:188.40,219.2 1 1
MCPWeaver/internal/app/errors.go:17.38,22.2 1 1
MCPWeaver/internal/app/errors.go:25.102,38.33 2 0
MCPWeaver/internal/app/errors.go:38.33,40.3 1 0
MCPWeaver/internal/app/errors.go:43.2,43.56 1 0
MCPWeaver/internal/app/errors.go:43.56,46.3 2 0
MCPWeaver/internal/app/errors.go:48.2,48.17 1 0
MCPWeaver/internal/app/errors.go:52.122,61.2 1 0
MCPWeaver/internal/app/errors.go:64.97,74.2 1 0
MCPWeaver/internal/app/errors.go:77.108,86.2 1 0
MCPWeaver/internal/app/errors.go:89.104,103.2 1 0
MCPWeaver/internal/app/errors.go:106.82,124.2 2 0
MCPWeaver/internal/app/errors.go:127.103,137.2 1 0
MCPWeaver/internal/app/errors.go:140.98,149.2 1 0
MCPWeaver/internal/app/errors.go:155.57,156.27 1 0
MCPWeaver/internal/app/errors.go:156.27,157.23 1 0
MCPWeaver/internal/app/errors.go:157.23,159.4 1 0
MCPWeaver/internal/app/errors.go:160.3,160.29 1 0
MCPWeaver/internal/app/errors.go:160.29,162.4 1 0
MCPWeaver/internal/app/errors.go:167.56,168.27 1 0
MCPWeaver/internal/app/errors.go:168.27,170.3 1 0
MCPWeaver/internal/app/errors.go:174.55,175.27 1 0
MCPWeaver/internal/app/errors.go:175.27,177.3 1 0
MCPWeaver/internal/app/errors.go:181.52,182.27 1 0
MCPWeaver/internal/app/errors.go:182.27,184.3 1 0
MCPWeaver/internal/app/errors.go:188.54,189.27 1 0
MCPWeaver/internal/app/errors.go:189.27,191.3 1 0
MCPWeaver/internal/app/errors.go:195.53,196.27 1 0
MCPWeaver/internal/app/errors.go:196.27,198.3 1 0
MCPWeaver/internal/app/errors.go:202.58,203.27 1 0
MCPWeaver/internal/app/errors.go:203.27,205.3 1 0
MCPWeaver/internal/app/errors.go:211.58,213.39 2 0
MCPWeaver/internal/app/errors.go:213.39,215.3 1 0
MCPWeaver/internal/app/errors.go:216.2,216.16 1 0
MCPWeaver/internal/app/errors.go:252.46,253.39 1 0
MCPWeaver/internal/app/errors.go:253.39,255.3 1 0
MCPWeaver/internal/app/errors.go:256.2,256.19 1 0
MCPWeaver/internal/app/errors.go:260.37,262.2 1 0
MCPWeaver/internal/app/errors.go:265.37,272.6 6 0
MCPWeaver/internal/app/errors.go:272.6,275.12 3 0
MCPWeaver/internal/app/errors.go:275.12,276.9 1 0
MCPWeaver/internal/app/errors.go:279.2,279.14 1 0
MCPWeaver/internal/app/errors.go:283.39,284.39 1 0
MCPWeaver/internal/app/errors.go:284.39,286.3 1 0
MCPWeaver/internal/app/errors.go:287.2,287.14 1 0
MCPWeaver/internal/app/errors.go:291.48,292.39 1 0
MCPWeaver/internal/app/errors.go:292.39,294.3 1 0
MCPWeaver/internal/app/errors.go:295.2,295.28 1 0
MCPWeaver/internal/app/errors.go:299.46,300.39 1 0
MCPWeaver/internal/app/errors.go:300.39,302.3 1 0
MCPWeaver/internal/app/errors.go:303.2,303.19 1 0
MCPWeaver/internal/app/errors.go:307.47,308.39 1 0
MCPWeaver/internal/app/errors.go:308.39,310.3 1 0
MCPWeaver/internal/app/errors.go:311.2,311.12 1 0
MCPWeaver/internal/app/errors.go:315.40,316.39 1 0
MCPWeaver/internal/app/errors.go:316.39,317.22 1 0
MCPWeaver/internal/app/errors.go:318.28,319.29 1 0
MCPWeaver/internal/app/errors.go:320.25,321.26 1 0
MCPWeaver/internal/app/errors.go:322.28,323.30 1 0
MCPWeaver/internal/app/errors.go:324.26,325.27 1 0
MCPWeaver/internal/app/errors.go:326.28,327.29 1 0
MCPWeaver/internal/app/errors.go:328.24,329.25 1 0
MCPWeaver/internal/app/errors.go:330.28,331.29 1 0
MCPWeaver/internal/app/errors.go:332.31,333.32 1 0
MCPWeaver/internal/app/errors.go:334.32,335.33 1 0
MCPWeaver/internal/app/errors.go:336.11,337.26 1 0
MCPWeaver/internal/app/errors.go:340.2,340.24 1 0
MCPWeaver/internal/app/files.go:24.64,25.18 1 0
MCPWeaver/internal/app/files.go:25.18,27.3 1 0
MCPWeaver/internal/app/files.go:30.2,35.16 2 0
MCPWeaver/internal/app/files.go:35.16,39.3 1 0
MCPWeaver/internal/app/files.go:42.2,42.20 1 0
MCPWeaver/internal/app/files.go:42.20,44.3 1 0
MCPWeaver/internal/app/files.go:47.2,47.47 1 0
MCPWeaver/internal/app/files.go:47.47,49.3 1 0
MCPWeaver/internal/app/files.go:51.2,51.22 1 0
MCPWeaver/internal/app/files.go:55.45,56.16 1 0
MCPWeaver/internal/app/files.go:56.16,58.3 1 0
MCPWeaver/internal/app/files.go:60.2,60.49 1 0
MCPWeaver/internal/app/files.go:60.49,64.3 1 0
MCPWeaver/internal/app/files.go:64.8,64.23 1 0
MCPWeaver/internal/app/files.go:64.23,69.3 1 0
MCPWeaver/internal/app/files.go:71.2,71.12 1 0
MCPWeaver/internal/app/files.go:75.44,76.16 1 0
MCPWeaver/internal/app/files.go:76.16,78.3 1 0
MCPWeaver/internal/app/files.go:80.2,80.49 1 0
MCPWeaver/internal/app/files.go:80.49,84.3 1 0
MCPWeaver/internal/app/files.go:87.2,88.69 2 0
MCPWeaver/internal/app/files.go:88.69,93.3 1 0
MCPWeaver/internal/app/files.go:94.2,96.12 2 0
MCPWeaver/internal/app/files.go:100.44,101.16 1 0
MCPWeaver/internal/app/files.go:101.16,103.3 1 0
MCPWeaver/internal/app/files.go:105.2,105.48 1 0
MCPWeaver/internal/app/files.go:105.48,110.3 1 0
MCPWeaver/internal/app/files.go:112.2,112.12 1 0
MCPWeaver/internal/app/files.go:116.64,118.33 2 0
MCPWeaver/internal/app/files.go:118.33,123.3 1 0
MCPWeaver/internal/app/files.go:124.2,124.21 1 0
MCPWeaver/internal/app/files.go:129.61,130.18 1 0
MCPWeaver/internal/app/files.go:130.18,132.3 1 0
MCPWeaver/internal/app/files.go:134.2,134.17 1 0
MCPWeaver/internal/app/files.go:134.17,136.3 1 0
MCPWeaver/internal/app/files.go:139.2,143.16 2 0
MCPWeaver/internal/app/files.go:143.16,147.3 1 0
MCPWeaver/internal/app/files.go:150.2,150.19 1 0
MCPWeaver/internal/app/files.go:150.19,152.3 1 0
MCPWeaver/internal/app/files.go:155.2,155.45 1 0
MCPWeaver/internal/app/files.go:155.45,157.3 1 0
MCPWeaver/internal/app/files.go:159.2,159.21 1 0
MCPWeaver/internal/app/files.go:163.98,164.18 1 0
MCPWeaver/internal/app/files.go:164.18,166.3 1 0
MCPWeaver/internal/app/files.go:169.2,175.16 2 0
MCPWeaver/internal/app/files.go:175.16,179.3 1 0
MCPWeaver/internal/app/files.go:182.2,182.20 1 0
MCPWeaver/internal/app/files.go:182.20,184.3 1 0
MCPWeaver/internal/app/files.go:187.2,188.41 2 0
MCPWeaver/internal/app/files.go:188.41,190.3 1 0
MCPWeaver/internal/app/files.go:193.2,193.70 1 0
MCPWeaver/internal/app/files.go:193.70,198.3 1 0
MCPWeaver/internal/app/files.go:200.2,200.22 1 0
MCPWeaver/internal/app/files.go:204.53,206.43 1 0
MCPWeaver/internal/app/files.go:206.43,208.3 1 0
MCPWeaver/internal/app/files.go:211.2,212.16 2 0
MCPWeaver/internal/app/files.go:212.16,217.3 1 0
MCPWeaver/internal/app/files.go:219.2,219.29 1 0
MCPWeaver/internal/app/files.go:223.60,224.16 1 0
MCPWeaver/internal/app/files.go:224.16,226.3 1 0
MCPWeaver/internal/app/files.go:229.2,229.32 1 0
MCPWeaver/internal/app/files.go:229.32,235.3 1 0
MCPWeaver/internal/app/files.go:238.2,239.41 2 0
MCPWeaver/internal/app/files.go:239.41,241.3 1 0
MCPWeaver/internal/app/files.go:244.2,244.66 1 0
MCPWeaver/internal/app/files.go:244.66,249.3 1 0
MCPWeaver/internal/app/files.go:251.2,251.12 1 0
MCPWeaver/internal/app/files.go:255.53,256.16 1 0
MCPWeaver/internal/app/files.go:256.16,258.3 1 0
MCPWeaver/internal/app/files.go:260.2,261.16 2 0
MCPWeaver/internal/app/files.go:261.16,263.3 1 0
MCPWeaver/internal/app/files.go:264.2,264.24 1 0
MCPWeaver/internal/app/files.go:264.24,266.3 1 0
MCPWeaver/internal/app/files.go:269.2,272.4 1 0
MCPWeaver/internal/app/files.go:276.55,304.2 1 0
MCPWeaver/internal/app/files.go:307.50,316.2 1 0
MCPWeaver/internal/app/files.go:319.81,323.23 2 0
MCPWeaver/internal/app/files.go:323.23,325.3 1 0
MCPWeaver/internal/app/files.go:328.2,328.72 1 0
MCPWeaver/internal/app/files.go:328.72,330.68 2 0
MCPWeaver/internal/app/files.go:330.68,332.4 1 0
MCPWeaver/internal/app/files.go:336.2,336.38 1 0
MCPWeaver/internal/app/files.go:336.38,338.68 2 0
MCPWeaver/internal/app/files.go:338.68,340.4 1 0
MCPWeaver/internal/app/files.go:344.2,345.13 2 0
MCPWeaver/internal/app/files.go:346.15,347.21 1 0
MCPWeaver/internal/app/files.go:348.23,349.21 1 0
MCPWeaver/internal/app/files.go:350.18,352.38 1 0
MCPWeaver/internal/app/files.go:352.38,354.4 1 0
MCPWeaver/internal/app/files.go:355.3,355.21 1 0
MCPWeaver/internal/app/files.go:356.10,359.68 2 0
MCPWeaver/internal/app/files.go:359.68,361.4 1 0
MCPWeaver/internal/app/files.go:363.3,364.68 2 0
MCPWeaver/internal/app/files.go:364.68,366.4 1 0
MCPWeaver/internal/app/files.go:368.3,371.5 1 0
MCPWeaver/internal/app/files.go:376.73,377.20 1 0
MCPWeaver/internal/app/files.go:377.20,379.3 1 0
MCPWeaver/internal/app/files.go:382.2,382.53 1 0
MCPWeaver/internal/app/files.go:382.53,386.3 1 0
MCPWeaver/internal/app/files.go:389.2,389.37 1 0
MCPWeaver/internal/app/files.go:389.37,393.3 1 0
MCPWeaver/internal/app/files.go:396.2,397.16 2 0
MCPWeaver/internal/app/files.go:397.16,402.3 1 0
MCPWeaver/internal/app/files.go:405.2,406.16 2 0
MCPWeaver/internal/app/files.go:406.16,411.3 1 0
MCPWeaver/internal/app/files.go:414.2,415.16 2 0
MCPWeaver/internal/app/files.go:415.16,417.3 1 0
MCPWeaver/internal/app/files.go:419.2,425.18 5 0
MCPWeaver/internal/app/files.go:425.18,427.3 1 0
MCPWeaver/internal/app/files.go:429.2,429.20 1 0
MCPWeaver/internal/app/files.go:433.75,434.15 1 0
MCPWeaver/internal/app/files.go:434.15,436.3 1 0
MCPWeaver/internal/app/files.go:439.2,439.79 1 0
MCPWeaver/internal/app/files.go:439.79,443.3 1 0
MCPWeaver/internal/app/files.go:446.2,457.16 6 0
MCPWeaver/internal/app/files.go:457.16,463.3 2 0
MCPWeaver/internal/app/files.go:464.2,467.38 2 0
MCPWeaver/internal/app/files.go:467.38,473.3 2 0
MCPWeaver/internal/app/files.go:476.2,478.16 3 0
MCPWeaver/internal/app/files.go:478.16,484.3 2 0
MCPWeaver/internal/app/files.go:487.2,489.16 3 0
MCPWeaver/internal/app/files.go:489.16,492.3 2 0
MCPWeaver/internal/app/files.go:494.2,500.20 6 0
MCPWeaver/internal/app/files.go:504.89,505.21 1 0
MCPWeaver/internal/app/files.go:505.21,507.3 1 0
MCPWeaver/internal/app/files.go:509.2,509.21 1 0
MCPWeaver/internal/app/files.go:509.21,511.3 1 0
MCPWeaver/internal/app/files.go:514.2,519.16 4 0
MCPWeaver/internal/app/files.go:519.16,522.3 2 0
MCPWeaver/internal/app/files.go:525.2,525.74 1 0
MCPWeaver/internal/app/files.go:525.74,528.3 2 0
MCPWeaver/internal/app/files.go:531.2,532.53 2 0
MCPWeaver/internal/app/files.go:532.53,538.3 2 0
MCPWeaver/internal/app/files.go:541.2,557.39 6 0
MCPWeaver/internal/app/files.go:557.39,561.56 3 0
MCPWeaver/internal/app/files.go:561.56,563.12 2 0
MCPWeaver/internal/app/files.go:567.3,571.60 3 0
MCPWeaver/internal/app/files.go:571.60,578.4 2 0
MCPWeaver/internal/app/files.go:581.3,582.17 2 0
MCPWeaver/internal/app/files.go:582.17,584.12 2 0
MCPWeaver/internal/app/files.go:587.3,593.19 2 0
MCPWeaver/internal/app/files.go:597.2,599.37 3 0
MCPWeaver/internal/app/files.go:599.37,603.59 3 0
MCPWeaver/internal/app/files.go:603.59,604.12 1 0
MCPWeaver/internal/app/files.go:607.3,607.71 1 0
MCPWeaver/internal/app/files.go:607.71,609.12 1 0
MCPWeaver/internal/app/files.go:613.2,624.20 3 0
MCPWeaver/internal/app/files.go:628.82,637.23 2 0
MCPWeaver/internal/app/files.go:637.23,640.3 2 0
MCPWeaver/internal/app/files.go:642.2,642.33 1 0
MCPWeaver/internal/app/files.go:642.33,645.3 2 0
MCPWeaver/internal/app/files.go:648.2,652.67 3 0
MCPWeaver/internal/app/files.go:652.67,654.68 1 0
MCPWeaver/internal/app/files.go:654.68,657.4 2 0
MCPWeaver/internal/app/files.go:658.3,658.19 1 0
MCPWeaver/internal/app/files.go:662.2,663.69 2 0
MCPWeaver/internal/app/files.go:663.69,665.3 1 0
MCPWeaver/internal/app/files.go:665.8,665.76 1 0
MCPWeaver/internal/app/files.go:665.76,668.3 2 0
MCPWeaver/internal/app/files.go:668.8,671.3 2 0
MCPWeaver/internal/app/files.go:674.2,674.26 1 0
MCPWeaver/internal/app/files.go:674.26,675.47 1 0
MCPWeaver/internal/app/files.go:675.47,677.4 1 0
MCPWeaver/internal/app/files.go:681.2,687.67 2 0
MCPWeaver/internal/app/files.go:687.67,688.54 1 0
MCPWeaver/internal/app/files.go:688.54,690.4 1 0
MCPWeaver/internal/app/files.go:690.9,693.4 2 0
MCPWeaver/internal/app/files.go:695.3,695.50 1 0
MCPWeaver/internal/app/files.go:695.50,697.4 1 0
MCPWeaver/internal/app/files.go:697.9,700.4 2 0
MCPWeaver/internal/app/files.go:702.3,702.62 1 0
MCPWeaver/internal/app/files.go:702.62,704.4 1 0
MCPWeaver/internal/app/files.go:705.8,708.3 2 0
MCPWeaver/internal/app/files.go:711.2,714.65 3 0
MCPWeaver/internal/app/files.go:714.65,715.22 1 0
MCPWeaver/internal/app/files.go:715.22,717.4 1 0
MCPWeaver/internal/app/files.go:719.3,719.41 1 0
MCPWeaver/internal/app/files.go:719.41,720.64 1 0
MCPWeaver/internal/app/files.go:720.64,721.37 1 0
MCPWeaver/internal/app/files.go:721.37,722.37 1 0
MCPWeaver/internal/app/files.go:722.37,724.7 1 0
MCPWeaver/internal/app/files.go:729.4,729.41 1 0
MCPWeaver/internal/app/files.go:729.41,731.5 1 0
MCPWeaver/internal/app/files.go:733.8,735.3 1 0
MCPWeaver/internal/app/files.go:738.2,738.75 1 0
MCPWeaver/internal/app/files.go:738.75,739.72 1 0
MCPWeaver/internal/app/files.go:739.72,741.4 1 0
MCPWeaver/internal/app/files.go:742.8,742.84 1 0
MCPWeaver/internal/app/files.go:742.84,745.3 1 0
MCPWeaver/internal/app/files.go:747.2,752.63 4 0
MCPWeaver/internal/app/files.go:752.63,753.37 1 0
MCPWeaver/internal/app/files.go:753.37,754.60 1 0
MCPWeaver/internal/app/files.go:754.60,756.49 2 0
MCPWeaver/internal/app/files.go:756.49,758.34 2 0
MCPWeaver/internal/app/files.go:758.34,760.7 1 0
MCPWeaver/internal/app/files.go:762.5,762.58 1 0
MCPWeaver/internal/app/files.go:762.58,764.6 1 0
MCPWeaver/internal/app/files.go:765.5,765.42 1 0
MCPWeaver/internal/app/files.go:768.8,768.54 1 0
MCPWeaver/internal/app/files.go:768.54,771.81 2 0
MCPWeaver/internal/app/files.go:771.81,772.40 1 0
MCPWeaver/internal/app/files.go:772.40,774.5 1 0
MCPWeaver/internal/app/files.go:776.3,777.50 2 0
MCPWeaver/internal/app/files.go:777.50,779.4 1 0
MCPWeaver/internal/app/files.go:781.3,785.40 2 0
MCPWeaver/internal/app/files.go:788.2,788.23 1 0
MCPWeaver/internal/app/files.go:788.23,790.3 1 0
MCPWeaver/internal/app/files.go:792.2,796.75 3 0
MCPWeaver/internal/app/files.go:796.75,797.83 1 0
MCPWeaver/internal/app/files.go:797.83,798.41 1 0
MCPWeaver/internal/app/files.go:798.41,799.61 1 0
MCPWeaver/internal/app/files.go:799.61,801.58 2 0
MCPWeaver/internal/app/files.go:801.58,803.7 1 0
MCPWeaver/internal/app/files.go:804.6,804.59 1 0
MCPWeaver/internal/app/files.go:804.59,806.7 1 0
MCPWeaver/internal/app/files.go:807.6,807.58 1 0
MCPWeaver/internal/app/files.go:812.2,815.25 2 0
MCPWeaver/internal/app/files.go:815.25,817.3 1 0
MCPWeaver/internal/app/files.go:819.2,819.27 1 0
MCPWeaver/internal/app/files.go:819.27,821.3 1 0
MCPWeaver/internal/app/files.go:823.2,823.23 1 0
MCPWeaver/internal/app/files.go:823.23,825.3 1 0
MCPWeaver/internal/app/files.go:827.2,830.20 3 0
MCPWeaver/internal/app/files.go:834.58,836.38 2 0
MCPWeaver/internal/app/files.go:836.38,837.36 1 0
MCPWeaver/internal/app/files.go:837.36,839.4 1 0
MCPWeaver/internal/app/files.go:841.2,841.14 1 0
MCPWeaver/internal/app/files.go:845.53,848.33 3 0
MCPWeaver/internal/app/files.go:848.33,849.18 1 0
MCPWeaver/internal/app/files.go:849.18,851.4 1 0
MCPWeaver/internal/app/files.go:853.2,853.14 1 0
MCPWeaver/internal/app/files.go:857.49,858.15 1 0
MCPWeaver/internal/app/files.go:858.15,860.3 1 0
MCPWeaver/internal/app/files.go:863.2,863.77 1 0
MCPWeaver/internal/app/files.go:863.77,865.3 1 0
MCPWeaver/internal/app/files.go:868.2,868.63 1 0
MCPWeaver/internal/app/files.go:868.63,870.3 1 0
MCPWeaver/internal/app/files.go:872.2,872.14 1 0
MCPWeaver/internal/app/files.go:876.56,879.2 2 0
MCPWeaver/internal/app/files.go:882.53,884.16 2 0
MCPWeaver/internal/app/files.go:884.16,886.3 1 0
MCPWeaver/internal/app/files.go:887.2,891.53 3 0
MCPWeaver/internal/app/files.go:891.53,893.3 1 0
MCPWeaver/internal/app/files.go:895.2,896.16 2 0
MCPWeaver/internal/app/files.go:896.16,898.3 1 0
MCPWeaver/internal/app/files.go:899.2,902.12 3 0
MCPWeaver/internal/app/files.go:906.58,907.84 1 0
MCPWeaver/internal/app/files.go:907.84,908.17 1 0
MCPWeaver/internal/app/files.go:908.17,910.4 1 0
MCPWeaver/internal/app/files.go:913.3,914.17 2 0
MCPWeaver/internal/app/files.go:914.17,916.4 1 0
MCPWeaver/internal/app/files.go:918.3,920.19 2 0
MCPWeaver/internal/app/files.go:920.19,922.4 1 0
MCPWeaver/internal/app/files.go:924.3,924.38 1 0
MCPWeaver/internal/app/files.go:929.62,931.29 2 0
MCPWeaver/internal/app/files.go:931.29,933.3 1 0
MCPWeaver/internal/app/files.go:934.2,934.14 1 0
MCPWeaver/internal/app/files.go:938.43,940.2 1 0
MCPWeaver/internal/app/files.go:943.140,944.18 1 0
MCPWeaver/internal/app/files.go:944.18,946.3 1 0
MCPWeaver/internal/app/files.go:948.2,961.58 2 0
MCPWeaver/internal/app/files.go:965.69,966.20 1 0
MCPWeaver/internal/app/files.go:966.20,968.3 1 0
MCPWeaver/internal/app/files.go:971.2,972.16 2 0
MCPWeaver/internal/app/files.go:972.16,977.3 1 0
MCPWeaver/internal/app/files.go:979.2,989.16 3 0
MCPWeaver/internal/app/files.go:989.16,991.3 1 0
MCPWeaver/internal/app/files.go:994.2,995.35 2 0
MCPWeaver/internal/app/files.go:995.35,997.55 1 0
MCPWeaver/internal/app/files.go:997.55,999.70 2 0
MCPWeaver/internal/app/files.go:999.70,1001.5 1 0
MCPWeaver/internal/app/files.go:1006.2,1006.33 1 0
MCPWeaver/internal/app/files.go:1006.33,1007.26 1 0
MCPWeaver/internal/app/files.go:1007.26,1009.9 2 0
MCPWeaver/internal/app/files.go:1014.2,1017.27 2 0
MCPWeaver/internal/app/files.go:1017.27,1019.3 1 0
MCPWeaver/internal/app/files.go:1022.2,1023.33 2 0
MCPWeaver/internal/app/files.go:1023.33,1024.48 1 0
MCPWeaver/internal/app/files.go:1024.48,1026.4 1 0
MCPWeaver/internal/app/files.go:1030.2,1031.36 2 0
MCPWeaver/internal/app/files.go:1035.54,1037.16 2 0
MCPWeaver/internal/app/files.go:1037.16,1039.3 1 0
MCPWeaver/internal/app/files.go:1041.2,1042.54 2 0
MCPWeaver/internal/app/files.go:1042.54,1044.69 2 0
MCPWeaver/internal/app/files.go:1044.69,1046.46 1 0
MCPWeaver/internal/app/files.go:1046.46,1048.5 1 0
MCPWeaver/internal/app/files.go:1052.2,1052.25 1 0
MCPWeaver/internal/app/files.go:1056.40,1058.16 2 0
MCPWeaver/internal/app/files.go:1058.16,1060.3 1 0
MCPWeaver/internal/app/files.go:1062.2,1063.36 2 0
MCPWeaver/internal/app/files.go:1067.55,1068.20 1 0
MCPWeaver/internal/app/files.go:1068.20,1070.3 1 0
MCPWeaver/internal/app/files.go:1072.2,1073.16 2 0
MCPWeaver/internal/app/files.go:1073.16,1075.3 1 0
MCPWeaver/internal/app/files.go:1078.2,1079.54 2 0
MCPWeaver/internal/app/files.go:1079.54,1081.69 2 0
MCPWeaver/internal/app/files.go:1081.69,1082.27 1 0
MCPWeaver/internal/app/files.go:1082.27,1084.5 1 0
MCPWeaver/internal/app/files.go:1089.2,1090.33 2 0
MCPWeaver/internal/app/files.go:1090.33,1091.48 1 0
MCPWeaver/internal/app/files.go:1091.48,1093.4 1 0
MCPWeaver/internal/app/files.go:1097.2,1098.36 2 0
MCPWeaver/internal/app/generation.go:26.27,28.4 1 0
MCPWeaver/internal/app/generation.go:31.27,33.4 1 0
MCPWeaver/internal/app/generation.go:38.72,39.21 1 0
MCPWeaver/internal/app/generation.go:39.21,41.3 1 0
MCPWeaver/internal/app/generation.go:44.2,45.16 2 0
MCPWeaver/internal/app/generation.go:45.16,47.3 1 0
MCPWeaver/internal/app/generation.go:50.2,51.33 2 0
MCPWeaver/internal/app/generation.go:51.33,52.202 1 0
MCPWeaver/internal/app/generation.go:52.202,55.4 2 0
MCPWeaver/internal/app/generation.go:57.2,87.17 10 0
MCPWeaver/internal/app/generation.go:91.70,92.17 1 0
MCPWeaver/internal/app/generation.go:92.17,94.3 1 0
MCPWeaver/internal/app/generation.go:96.2,100.13 4 0
MCPWeaver/internal/app/generation.go:100.13,102.3 1 0
MCPWeaver/internal/app/generation.go:104.2,104.17 1 0
MCPWeaver/internal/app/generation.go:108.38,112.34 3 0
MCPWeaver/internal/app/generation.go:112.34,113.86 1 0
MCPWeaver/internal/app/generation.go:113.86,115.49 1 0
MCPWeaver/internal/app/generation.go:115.49,117.5 1 0
MCPWeaver/internal/app/generation.go:123.52,124.17 1 0
MCPWeaver/internal/app/generation.go:124.17,126.3 1 0
MCPWeaver/internal/app/generation.go:128.2,132.13 4 0
MCPWeaver/internal/app/generation.go:132.13,134.3 1 0
MCPWeaver/internal/app/generation.go:136.2,136.128 1 0
MCPWeaver/internal/app/generation.go:136.128,138.3 1 0
MCPWeaver/internal/app/generation.go:141.2,155.12 8 0
MCPWeaver/internal/app/generation.go:159.80,160.21 1 0
MCPWeaver/internal/app/generation.go:160.21,162.3 1 0
MCPWeaver/internal/app/generation.go:166.2,170.33 4 0
MCPWeaver/internal/app/generation.go:170.33,171.33 1 0
MCPWeaver/internal/app/generation.go:171.33,173.4 1 0
MCPWeaver/internal/app/generation.go:176.2,176.18 1 0
MCPWeaver/internal/app/generation.go:180.67,183.15 2 0
MCPWeaver/internal/app/generation.go:183.15,187.31 3 0
MCPWeaver/internal/app/generation.go:187.31,189.4 1 0
MCPWeaver/internal/app/generation.go:193.2,198.28 5 0
MCPWeaver/internal/app/generation.go:198.28,200.3 1 0
MCPWeaver/internal/app/generation.go:200.8,200.34 1 0
MCPWeaver/internal/app/generation.go:200.34,203.3 1 0
MCPWeaver/internal/app/generation.go:203.8,206.3 2 0
MCPWeaver/internal/app/generation.go:208.2,211.87 3 0
MCPWeaver/internal/app/generation.go:211.87,213.3 1 0
MCPWeaver/internal/app/generation.go:213.8,215.3 1 0
MCPWeaver/internal/app/generation.go:217.2,217.16 1 0
MCPWeaver/internal/app/generation.go:217.16,220.3 2 0
MCPWeaver/internal/app/generation.go:222.2,228.49 5 0
MCPWeaver/internal/app/generation.go:228.49,230.3 1 0
MCPWeaver/internal/app/generation.go:232.2,234.16 3 0
MCPWeaver/internal/app/generation.go:234.16,237.3 2 0
MCPWeaver/internal/app/generation.go:239.2,244.31 4 0
MCPWeaver/internal/app/generation.go:244.31,246.3 1 0
MCPWeaver/internal/app/generation.go:248.2,249.16 2 0
MCPWeaver/internal/app/generation.go:249.16,252.3 2 0
MCPWeaver/internal/app/generation.go:254.2,260.16 5 0
MCPWeaver/internal/app/generation.go:260.16,263.3 2 0
MCPWeaver/internal/app/generation.go:266.2,266.31 1 0
MCPWeaver/internal/app/generation.go:266.31,270.3 3 0
MCPWeaver/internal/app/generation.go:273.2,273.40 1 0
MCPWeaver/internal/app/generation.go:273.40,275.3 1 0
MCPWeaver/internal/app/generation.go:278.2,281.41 3 0
MCPWeaver/internal/app/generation.go:281.41,283.49 2 0
MCPWeaver/internal/app/generation.go:283.49,285.20 2 0
MCPWeaver/internal/app/generation.go:286.19,287.24 1 0
MCPWeaver/internal/app/generation.go:288.18,289.24 1 0
MCPWeaver/internal/app/generation.go:290.21,291.31 1 0
MCPWeaver/internal/app/generation.go:292.12,293.23 1 0
MCPWeaver/internal/app/generation.go:297.4,298.57 2 0
MCPWeaver/internal/app/generation.go:298.57,300.5 1 0
MCPWeaver/internal/app/generation.go:302.4,307.6 1 0
MCPWeaver/internal/app/generation.go:312.2,339.78 8 0
MCPWeaver/internal/app/generation.go:343.109,357.2 6 0
MCPWeaver/internal/app/generation.go:360.73,386.2 10 0
MCPWeaver/internal/app/generation.go:389.75,391.16 2 0
MCPWeaver/internal/app/generation.go:391.16,393.3 1 0
MCPWeaver/internal/app/generation.go:396.2,397.16 2 0
MCPWeaver/internal/app/generation.go:397.16,399.3 1 0
MCPWeaver/internal/app/generation.go:401.2,408.55 6 0
MCPWeaver/internal/app/generation.go:412.57,414.16 2 0
MCPWeaver/internal/app/generation.go:414.16,416.3 1 0
MCPWeaver/internal/app/generation.go:418.2,422.33 5 0
MCPWeaver/internal/app/generation.go:426.29,428.2 1 0
MCPWeaver/internal/app/generation.go:431.94,436.25 3 0
MCPWeaver/internal/app/generation.go:436.25,438.3 1 0
MCPWeaver/internal/app/generation.go:438.8,438.32 1 0
MCPWeaver/internal/app/generation.go:438.32,440.3 1 0
MCPWeaver/internal/app/generation.go:440.8,440.32 1 0
MCPWeaver/internal/app/generation.go:440.32,442.3 1 0
MCPWeaver/internal/app/generation.go:445.2,446.20 2 0
MCPWeaver/internal/app/generation.go:446.20,448.3 1 0
MCPWeaver/internal/app/generation.go:448.8,448.27 1 0
MCPWeaver/internal/app/generation.go:448.27,450.3 1 0
MCPWeaver/internal/app/generation.go:450.8,450.27 1 0
MCPWeaver/internal/app/generation.go:450.27,452.3 1 0
MCPWeaver/internal/app/generation.go:455.2,456.36 2 0
MCPWeaver/internal/app/generation.go:456.36,458.28 2 0
MCPWeaver/internal/app/generation.go:458.28,460.4 1 0
MCPWeaver/internal/app/generation.go:463.2,463.23 1 0
MCPWeaver/internal/app/generation.go:463.23,465.3 1 0
MCPWeaver/internal/app/generation.go:465.8,465.29 1 0
MCPWeaver/internal/app/generation.go:465.29,467.3 1 0
MCPWeaver/internal/app/generation.go:467.8,467.29 1 0
MCPWeaver/internal/app/generation.go:467.29,469.3 1 0
MCPWeaver/internal/app/generation.go:472.2,472.26 1 0
MCPWeaver/internal/app/generation.go:472.26,474.3 1 0
MCPWeaver/internal/app/generation.go:477.2,477.9 1 0
MCPWeaver/internal/app/generation.go:478.18,479.21 1 0
MCPWeaver/internal/app/generation.go:480.18,481.16 1 0
MCPWeaver/internal/app/generation.go:482.18,483.18 1 0
MCPWeaver/internal/app/generation.go:484.18,485.15 1 0
MCPWeaver/internal/app/generation.go:486.10,487.20 1 0
MCPWeaver/internal/app/logger.go:24.35,25.11 1 0
MCPWeaver/internal/app/logger.go:26.21,27.17 1 0
MCPWeaver/internal/app/logger.go:28.20,29.16 1 0
MCPWeaver/internal/app/logger.go:30.20,31.16 1 0
MCPWeaver/internal/app/logger.go:32.21,33.17 1 0
MCPWeaver/internal/app/logger.go:34.21,35.17 1 0
MCPWeaver/internal/app/logger.go:36.10,37.19 1 0
MCPWeaver/internal/app/logger.go:69.58,77.2 1 0
MCPWeaver/internal/app/logger.go:80.87,83.50 2 0
MCPWeaver/internal/app/logger.go:83.50,85.3 1 0
MCPWeaver/internal/app/logger.go:88.2,89.16 2 0
MCPWeaver/internal/app/logger.go:89.16,91.3 1 0
MCPWeaver/internal/app/logger.go:93.2,99.8 1 0
MCPWeaver/internal/app/logger.go:103.57,106.30 3 0
MCPWeaver/internal/app/logger.go:106.30,108.3 1 0
MCPWeaver/internal/app/logger.go:109.2,110.19 2 0
MCPWeaver/internal/app/logger.go:114.66,116.2 1 0
MCPWeaver/internal/app/logger.go:119.58,121.2 1 0
MCPWeaver/internal/app/logger.go:124.52,126.2 1 0
MCPWeaver/internal/app/logger.go:129.58,131.2 1 0
MCPWeaver/internal/app/logger.go:134.61,135.30 1 0
MCPWeaver/internal/app/logger.go:135.30,137.3 1 0
MCPWeaver/internal/app/logger.go:141.60,142.29 1 0
MCPWeaver/internal/app/logger.go:142.29,144.3 1 0
MCPWeaver/internal/app/logger.go:148.60,149.29 1 0
MCPWeaver/internal/app/logger.go:149.29,151.3 1 0
MCPWeaver/internal/app/logger.go:155.61,156.30 1 0
MCPWeaver/internal/app/logger.go:156.30,158.3 1 0
MCPWeaver/internal/app/logger.go:162.61,165.2 2 0
MCPWeaver/internal/app/logger.go:168.42,180.24 2 0
MCPWeaver/internal/app/logger.go:180.24,189.42 7 0
MCPWeaver/internal/app/logger.go:189.42,191.4 1 0
MCPWeaver/internal/app/logger.go:195.2,195.32 1 0
MCPWeaver/internal/app/logger.go:195.32,197.3 1 0
MCPWeaver/internal/app/logger.go:200.2,200.30 1 0
MCPWeaver/internal/app/logger.go:200.30,202.3 1 0
MCPWeaver/internal/app/logger.go:204.2,204.21 1 0
MCPWeaver/internal/app/logger.go:208.72,217.16 5 0
MCPWeaver/internal/app/logger.go:217.16,219.3 1 0
MCPWeaver/internal/app/logger.go:219.8,221.3 1 0
MCPWeaver/internal/app/logger.go:223.2,223.12 1 0
MCPWeaver/internal/app/logger.go:227.107,231.2 1 0
MCPWeaver/internal/app/logger.go:234.75,235.19 1 0
MCPWeaver/internal/app/logger.go:235.19,237.3 1 0
MCPWeaver/internal/app/logger.go:239.2,248.30 2 0
MCPWeaver/internal/app/logger.go:248.30,250.3 1 0
MCPWeaver/internal/app/logger.go:253.2,253.28 1 0
MCPWeaver/internal/app/logger.go:253.28,255.3 1 0
MCPWeaver/internal/app/logger.go:257.2,257.21 1 0
MCPWeaver/internal/app/logger.go:261.45,264.18 2 0
MCPWeaver/internal/app/logger.go:264.18,266.17 2 0
MCPWeaver/internal/app/logger.go:266.17,273.4 1 0
MCPWeaver/internal/app/logger.go:273.9,275.4 1 0
MCPWeaver/internal/app/logger.go:276.8,284.29 2 0
MCPWeaver/internal/app/logger.go:284.29,287.36 3 0
MCPWeaver/internal/app/logger.go:287.36,288.15 1 0
MCPWeaver/internal/app/logger.go:288.15,290.6 1 0
MCPWeaver/internal/app/logger.go:291.5,292.18 2 0
MCPWeaver/internal/app/logger.go:294.4,294.17 1 0
MCPWeaver/internal/app/logger.go:296.3,296.17 1 0
MCPWeaver/internal/app/logger.go:299.2,299.35 1 0
MCPWeaver/internal/app/logger.go:299.35,301.3 1 0
MCPWeaver/internal/app/logger.go:305.49,307.2 1 0
MCPWeaver/internal/app/logger.go:310.43,312.2 1 0
MCPWeaver/internal/app/logger.go:315.46,317.2 1 0
MCPWeaver/internal/app/logger.go:327.54,332.2 1 0
MCPWeaver/internal/app/logger.go:335.53,336.17 1 0
MCPWeaver/internal/app/logger.go:336.17,338.3 1 0
MCPWeaver/internal/app/logger.go:341.2,354.25 2 0
MCPWeaver/internal/app/logger.go:358.35,360.2 1 0
MCPWeaver/internal/app/logger.go:363.36,365.2 1 0
MCPWeaver/internal/app/performance.go:28.50,37.2 1 1
MCPWeaver/internal/app/performance.go:40.73,45.2 4 0
MCPWeaver/internal/app/performance.go:48.51,56.2 6 0
MCPWeaver/internal/app/performance.go:59.94,64.2 4 0
MCPWeaver/internal/app/performance.go:67.94,72.2 4 0
MCPWeaver/internal/app/performance.go:75.90,80.2 4 0
MCPWeaver/internal/app/performance.go:83.64,102.47 6 0
MCPWeaver/internal/app/performance.go:102.47,104.3 1 0
MCPWeaver/internal/app/performance.go:105.2,105.47 1 0
MCPWeaver/internal/app/performance.go:105.47,107.3 1 0
MCPWeaver/internal/app/performance.go:108.2,108.43 1 0
MCPWeaver/internal/app/performance.go:108.43,110.3 1 0
MCPWeaver/internal/app/performance.go:112.2,112.16 1 0
MCPWeaver/internal/app/performance.go:116.77,118.16 2 0
MCPWeaver/internal/app/performance.go:118.16,120.19 2 0
MCPWeaver/internal/app/performance.go:121.21,122.48 1 0
MCPWeaver/internal/app/performance.go:123.19,124.48 1 0
MCPWeaver/internal/app/performance.go:125.15,126.44 1 0
MCPWeaver/internal/app/performance.go:132.59,136.2 3 0
MCPWeaver/internal/app/performance.go:139.58,141.2 1 0
MCPWeaver/internal/app/performance.go:144.73,146.2 1 0
MCPWeaver/internal/app/performance.go:149.41,152.2 2 0
MCPWeaver/internal/app/performance.go:155.58,157.2 1 0
MCPWeaver/internal/app/projects.go:13.77,15.24 1 0
MCPWeaver/internal/app/projects.go:15.24,17.3 1 0
MCPWeaver/internal/app/projects.go:19.2,19.30 1 0
MCPWeaver/internal/app/projects.go:19.30,21.3 1 0
MCPWeaver/internal/app/projects.go:24.2,25.54 2 0
MCPWeaver/internal/app/projects.go:25.54,27.3 1 0
MCPWeaver/internal/app/projects.go:28.2,28.21 1 0
MCPWeaver/internal/app/projects.go:28.21,30.3 1 0
MCPWeaver/internal/app/projects.go:33.2,34.16 2 0
MCPWeaver/internal/app/projects.go:34.16,38.3 1 0
MCPWeaver/internal/app/projects.go:41.2,56.16 3 0
MCPWeaver/internal/app/projects.go:56.16,60.3 1 0
MCPWeaver/internal/app/projects.go:63.2,74.21 5 0
MCPWeaver/internal/app/projects.go:78.49,80.16 2 0
MCPWeaver/internal/app/projects.go:80.16,84.3 1 0
MCPWeaver/internal/app/projects.go:86.2,87.39 2 0
MCPWeaver/internal/app/projects.go:87.39,89.3 1 0
MCPWeaver/internal/app/projects.go:91.2,91.22 1 0
MCPWeaver/internal/app/projects.go:95.55,96.14 1 0
MCPWeaver/internal/app/projects.go:96.14,98.3 1 0
MCPWeaver/internal/app/projects.go:100.2,101.16 2 0
MCPWeaver/internal/app/projects.go:101.16,102.41 1 0
MCPWeaver/internal/app/projects.go:102.41,104.4 1 0
MCPWeaver/internal/app/projects.go:105.3,107.5 1 0
MCPWeaver/internal/app/projects.go:110.2,110.41 1 0
MCPWeaver/internal/app/projects.go:114.88,115.14 1 0
MCPWeaver/internal/app/projects.go:115.14,117.3 1 0
MCPWeaver/internal/app/projects.go:120.2,121.16 2 0
MCPWeaver/internal/app/projects.go:121.16,122.41 1 0
MCPWeaver/internal/app/projects.go:122.41,124.4 1 0
MCPWeaver/internal/app/projects.go:125.3,127.5 1 0
MCPWeaver/internal/app/projects.go:131.2,131.25 1 0
MCPWeaver/internal/app/projects.go:131.25,133.3 1 0
MCPWeaver/internal/app/projects.go:134.2,134.29 1 0
MCPWeaver/internal/app/projects.go:134.29,136.3 1 0
MCPWeaver/internal/app/projects.go:137.2,137.28 1 0
MCPWeaver/internal/app/projects.go:137.28,139.3 1 0
MCPWeaver/internal/app/projects.go:140.2,140.31 1 0
MCPWeaver/internal/app/projects.go:140.31,142.3 1 0
MCPWeaver/internal/app/projects.go:143.2,143.29 1 0
MCPWeaver/internal/app/projects.go:143.29,146.17 2 0
MCPWeaver/internal/app/projects.go:146.17,150.4 1 0
MCPWeaver/internal/app/projects.go:151.3,151.44 1 0
MCPWeaver/internal/app/projects.go:154.2,158.16 3 0
MCPWeaver/internal/app/projects.go:158.16,162.3 1 0
MCPWeaver/internal/app/projects.go:165.2,173.21 4 0
MCPWeaver/internal/app/projects.go:177.46,178.14 1 0
MCPWeaver/internal/app/projects.go:178.14,180.3 1 0
MCPWeaver/internal/app/projects.go:183.2,184.16 2 0
MCPWeaver/internal/app/projects.go:184.16,185.41 1 0
MCPWeaver/internal/app/projects.go:185.41,187.4 1 0
MCPWeaver/internal/app/projects.go:188.3,190.5 1 0
MCPWeaver/internal/app/projects.go:194.2,195.16 2 0
MCPWeaver/internal/app/projects.go:195.16,199.3 1 0
MCPWeaver/internal/app/projects.go:202.2,210.12 4 0
MCPWeaver/internal/app/projects.go:214.55,217.54 2 0
MCPWeaver/internal/app/projects.go:217.54,219.17 2 0
MCPWeaver/internal/app/projects.go:219.17,221.4 1 0
MCPWeaver/internal/app/projects.go:224.2,224.22 1 0
MCPWeaver/internal/app/projects.go:228.64,229.17 1 0
MCPWeaver/internal/app/projects.go:229.17,231.3 1 0
MCPWeaver/internal/app/projects.go:233.2,234.16 2 0
MCPWeaver/internal/app/projects.go:234.16,238.3 1 0
MCPWeaver/internal/app/projects.go:240.2,241.39 2 0
MCPWeaver/internal/app/projects.go:241.39,243.3 1 0
MCPWeaver/internal/app/projects.go:245.2,245.22 1 0
MCPWeaver/internal/app/projects.go:249.63,250.21 1 0
MCPWeaver/internal/app/projects.go:250.21,252.3 1 0
MCPWeaver/internal/app/projects.go:254.2,255.16 2 0
MCPWeaver/internal/app/projects.go:255.16,257.3 1 0
MCPWeaver/internal/app/projects.go:260.2,268.16 3 0
MCPWeaver/internal/app/projects.go:268.16,272.3 1 0
MCPWeaver/internal/app/projects.go:274.2,274.30 1 0
MCPWeaver/internal/app/projects.go:278.64,279.20 1 0
MCPWeaver/internal/app/projects.go:279.20,281.3 1 0
MCPWeaver/internal/app/projects.go:284.2,285.70 2 0
MCPWeaver/internal/app/projects.go:285.70,289.3 1 0
MCPWeaver/internal/app/projects.go:292.2,293.9 2 0
MCPWeaver/internal/app/projects.go:293.9,295.3 1 0
MCPWeaver/internal/app/projects.go:298.2,299.16 2 0
MCPWeaver/internal/app/projects.go:299.16,303.3 1 0
MCPWeaver/internal/app/projects.go:305.2,306.70 2 0
MCPWeaver/internal/app/projects.go:306.70,310.3 1 0
MCPWeaver/internal/app/projects.go:313.2,322.16 3 0
MCPWeaver/internal/app/projects.go:322.16,324.3 1 0
MCPWeaver/internal/app/projects.go:327.2,329.24 2 0
MCPWeaver/internal/app/projects.go:333.68,335.36 2 0
MCPWeaver/internal/app/projects.go:335.36,337.3 1 0
MCPWeaver/internal/app/projects.go:340.2,341.78 2 0
MCPWeaver/internal/app/projects.go:341.78,350.3 1 0
MCPWeaver/internal/app/projects.go:352.2,364.3 1 0
MCPWeaver/internal/app/projects.go:368.53,376.41 3 0
MCPWeaver/internal/app/projects.go:376.41,378.3 1 0
MCPWeaver/internal/app/projects.go:382.58,383.47 1 0
MCPWeaver/internal/app/projects.go:383.47,384.22 1 0
MCPWeaver/internal/app/projects.go:384.22,386.9 2 0
MCPWeaver/internal/app/retry.go:18.64,23.2 1 0
MCPWeaver/internal/app/retry.go:39.109,49.60 4 0
MCPWeaver/internal/app/retry.go:49.60,54.17 3 0
MCPWeaver/internal/app/retry.go:54.17,58.4 3 0
MCPWeaver/internal/app/retry.go:60.3,63.40 2 0
MCPWeaver/internal/app/retry.go:63.40,64.9 1 0
MCPWeaver/internal/app/retry.go:68.3,68.34 1 0
MCPWeaver/internal/app/retry.go:68.34,70.24 1 0
MCPWeaver/internal/app/retry.go:70.24,72.10 2 0
MCPWeaver/internal/app/retry.go:76.4,80.11 3 0
MCPWeaver/internal/app/retry.go:81.22,83.14 2 0
MCPWeaver/internal/app/retry.go:84.35,84.35 0 0
MCPWeaver/internal/app/retry.go:88.4,89.31 2 0
MCPWeaver/internal/app/retry.go:89.31,91.5 1 0
MCPWeaver/internal/app/retry.go:96.2,98.15 3 0
MCPWeaver/internal/app/retry.go:102.79,104.2 1 0
MCPWeaver/internal/app/retry.go:107.92,112.2 3 0
MCPWeaver/internal/app/retry.go:115.100,116.12 1 0
MCPWeaver/internal/app/retry.go:116.12,118.22 2 0
MCPWeaver/internal/app/retry.go:118.22,120.4 1 0
MCPWeaver/internal/app/retry.go:125.158,136.2 2 0
MCPWeaver/internal/app/retry.go:139.103,142.21 2 0
MCPWeaver/internal/app/retry.go:142.21,151.30 2 0
MCPWeaver/internal/app/retry.go:151.30,153.4 1 0
MCPWeaver/internal/app/retry.go:155.3,166.4 1 0
MCPWeaver/internal/app/retry.go:169.2,169.12 1 0
MCPWeaver/internal/app/retry.go:175.78,176.16 1 0
MCPWeaver/internal/app/retry.go:176.16,178.3 1 0
MCPWeaver/internal/app/retry.go:181.2,181.39 1 0
MCPWeaver/internal/app/retry.go:181.39,182.26 1 0
MCPWeaver/internal/app/retry.go:182.26,184.4 1 0
MCPWeaver/internal/app/retry.go:187.3,187.47 1 0
MCPWeaver/internal/app/retry.go:187.47,188.27 1 0
MCPWeaver/internal/app/retry.go:188.27,190.5 1 0
MCPWeaver/internal/app/retry.go:192.3,192.15 1 0
MCPWeaver/internal/app/retry.go:196.2,207.44 3 0
MCPWeaver/internal/app/retry.go:207.44,208.43 1 0
MCPWeaver/internal/app/retry.go:208.43,210.4 1 0
MCPWeaver/internal/app/retry.go:213.2,213.14 1 0
MCPWeaver/internal/app/retry.go:217.99,218.27 1 0
MCPWeaver/internal/app/retry.go:218.27,220.3 1 0
MCPWeaver/internal/app/retry.go:223.2,224.27 2 0
MCPWeaver/internal/app/retry.go:228.47,230.2 1 0
MCPWeaver/internal/app/retry.go:252.108,259.2 1 0
MCPWeaver/internal/app/retry.go:262.58,263.29 1 0
MCPWeaver/internal/app/retry.go:263.29,264.50 1 0
MCPWeaver/internal/app/retry.go:264.50,266.4 1 0
MCPWeaver/internal/app/retry.go:266.9,280.4 1 0
MCPWeaver/internal/app/retry.go:283.2,284.16 2 0
MCPWeaver/internal/app/retry.go:284.16,287.3 2 0
MCPWeaver/internal/app/retry.go:289.2,290.12 2 0
MCPWeaver/internal/app/retry.go:294.39,298.39 3 0
MCPWeaver/internal/app/retry.go:298.39,300.3 1 0
MCPWeaver/internal/app/retry.go:304.39,307.2 2 0
MCPWeaver/internal/app/retry.go:310.51,312.2 1 0
MCPWeaver/internal/app/retry.go:315.41,317.2 1 0
MCPWeaver/internal/app/retry.go:326.44,331.2 1 0
MCPWeaver/internal/app/retry.go:334.65,337.2 2 0
MCPWeaver/internal/app/retry.go:340.97,342.13 2 0
MCPWeaver/internal/app/retry.go:342.13,344.3 1 0
MCPWeaver/internal/app/retry.go:346.2,346.9 1 0
MCPWeaver/internal/app/retry.go:347.31,348.16 1 0
MCPWeaver/internal/app/retry.go:348.16,348.31 1 0
MCPWeaver/internal/app/retry.go:349.3,349.14 1 0
MCPWeaver/internal/app/retry.go:350.20,351.19 1 0
MCPWeaver/internal/app/settings.go:12.51,13.23 1 0
MCPWeaver/internal/app/settings.go:13.23,15.3 1 0
MCPWeaver/internal/app/settings.go:16.2,16.24 1 0
MCPWeaver/internal/app/settings.go:20.58,22.54 1 0
MCPWeaver/internal/app/settings.go:22.54,24.3 1 0
MCPWeaver/internal/app/settings.go:27.2,30.47 2 0
MCPWeaver/internal/app/settings.go:30.47,34.3 1 0
MCPWeaver/internal/app/settings.go:37.2,42.12 3 0
MCPWeaver/internal/app/settings.go:46.37,51.47 2 0
MCPWeaver/internal/app/settings.go:51.47,55.3 1 0
MCPWeaver/internal/app/settings.go:58.2,63.12 3 0
MCPWeaver/internal/app/settings.go:67.44,69.16 2 0
MCPWeaver/internal/app/settings.go:69.16,71.3 1 0
MCPWeaver/internal/app/settings.go:72.2,72.62 1 0
MCPWeaver/internal/app/settings.go:76.42,81.47 3 0
MCPWeaver/internal/app/settings.go:81.47,83.3 1 0
MCPWeaver/internal/app/settings.go:86.2,87.16 2 0
MCPWeaver/internal/app/settings.go:87.16,89.3 1 0
MCPWeaver/internal/app/settings.go:92.2,92.47 1 0
MCPWeaver/internal/app/settings.go:96.60,100.57 2 0
MCPWeaver/internal/app/settings.go:100.57,102.3 1 0
MCPWeaver/internal/app/settings.go:105.2,106.16 2 0
MCPWeaver/internal/app/settings.go:106.16,108.3 1 0
MCPWeaver/internal/app/settings.go:111.2,112.56 2 0
MCPWeaver/internal/app/settings.go:112.56,114.3 1 0
MCPWeaver/internal/app/settings.go:116.2,116.23 1 0
MCPWeaver/internal/app/settings.go:120.61,122.87 1 0
MCPWeaver/internal/app/settings.go:122.87,127.3 1 0
MCPWeaver/internal/app/settings.go:130.2,130.29 1 0
MCPWeaver/internal/app/settings.go:130.29,132.3 1 0
MCPWeaver/internal/app/settings.go:135.2,135.41 1 0
MCPWeaver/internal/app/settings.go:135.41,137.3 1 0
MCPWeaver/internal/app/settings.go:138.2,138.42 1 0
MCPWeaver/internal/app/settings.go:138.42,140.3 1 0
MCPWeaver/internal/app/settings.go:143.2,143.83 1 0
MCPWeaver/internal/app/settings.go:143.83,145.3 1 0
MCPWeaver/internal/app/settings.go:146.2,146.80 1 0
MCPWeaver/internal/app/settings.go:146.80,148.3 1 0
MCPWeaver/internal/app/settings.go:149.2,149.46 1 0
MCPWeaver/internal/app/settings.go:149.46,151.3 1 0
MCPWeaver/internal/app/settings.go:154.2,154.55 1 0
MCPWeaver/internal/app/settings.go:154.55,156.3 1 0
MCPWeaver/internal/app/settings.go:159.2,159.38 1 0
MCPWeaver/internal/app/settings.go:159.38,161.3 1 0
MCPWeaver/internal/app/settings.go:164.2,164.39 1 0
MCPWeaver/internal/app/settings.go:164.39,166.3 1 0
MCPWeaver/internal/app/settings.go:168.2,168.12 1 0
MCPWeaver/internal/app/settings.go:172.47,173.60 1 0
MCPWeaver/internal/app/settings.go:173.60,178.3 1 0
MCPWeaver/internal/app/settings.go:180.2,183.47 2 0
MCPWeaver/internal/app/settings.go:183.47,187.3 1 0
MCPWeaver/internal/app/settings.go:190.2,192.12 2 0
MCPWeaver/internal/app/settings.go:196.53,197.20 1 0
MCPWeaver/internal/app/settings.go:197.20,199.3 1 0
MCPWeaver/internal/app/settings.go:201.2,204.47 2 0
MCPWeaver/internal/app/settings.go:204.47,208.3 1 0
MCPWeaver/internal/app/settings.go:211.2,213.12 2 0
MCPWeaver/internal/app/settings.go:217.73,219.32 1 0
MCPWeaver/internal/app/settings.go:219.32,221.3 1 0
MCPWeaver/internal/app/settings.go:222.2,222.33 1 0
MCPWeaver/internal/app/settings.go:222.33,224.3 1 0
MCPWeaver/internal/app/settings.go:226.2,229.47 2 0
MCPWeaver/internal/app/settings.go:229.47,233.3 1 0
MCPWeaver/internal/app/settings.go:236.2,238.12 2 0
MCPWeaver/internal/app/settings.go:242.56,243.21 1 0
MCPWeaver/internal/app/settings.go:243.21,245.3 1 0
MCPWeaver/internal/app/settings.go:248.2,251.47 2 0
MCPWeaver/internal/app/settings.go:251.47,255.3 1 0
MCPWeaver/internal/app/settings.go:258.2,260.12 2 0
MCPWeaver/internal/app/settings.go:264.43,268.47 2 0
MCPWeaver/internal/app/settings.go:268.47,272.3 1 0
MCPWeaver/internal/app/settings.go:275.2,280.12 3 0
MCPWeaver/internal/app/settings.go:284.48,287.16 2 0
MCPWeaver/internal/app/settings.go:287.16,291.3 1 0
MCPWeaver/internal/app/settings.go:294.2,302.16 2 0
MCPWeaver/internal/app/settings.go:302.16,304.3 1 0
MCPWeaver/internal/app/settings.go:306.2,306.20 1 0
MCPWeaver/internal/app/settings.go:306.20,308.3 1 0
MCPWeaver/internal/app/settings.go:310.2,310.22 1 0
MCPWeaver/internal/app/settings.go:314.38,324.16 2 0
MCPWeaver/internal/app/settings.go:324.16,326.3 1 0
MCPWeaver/internal/app/settings.go:328.2,328.20 1 0
MCPWeaver/internal/app/settings.go:328.20,330.3 1 0
MCPWeaver/internal/app/settings.go:333.2,334.16 2 0
MCPWeaver/internal/app/settings.go:334.16,339.3 1 0
MCPWeaver/internal/app/settings.go:342.2,343.56 2 0
MCPWeaver/internal/app/settings.go:343.56,348.3 1 0
MCPWeaver/internal/app/settings.go:351.2,351.54 1 0
MCPWeaver/internal/app/settings.go:351.54,353.3 1 0
MCPWeaver/internal/app/settings.go:356.2,359.47 2 0
MCPWeaver/internal/app/settings.go:359.47,363.3 1 0
MCPWeaver/internal/app/settings.go:366.2,371.12 3 0
MCPWeaver/internal/app/types.go:266.35,268.2 1 0
MCPWeaver/internal/app/types.go:271.39,273.2 1 0
MCPWeaver/internal/app/types.go:276.50,277.25 1 0
MCPWeaver/internal/app/types.go:277.25,279.3 1 0
MCPWeaver/internal/app/types.go:280.2,280.10 1 0
MCPWeaver/internal/app/types.go:316.45,318.2 1 0
MCPWeaver/internal/app/types.go:321.47,323.2 1 0
MCPWeaver/internal/app/types.go:326.43,327.25 1 0
MCPWeaver/internal/app/types.go:327.25,329.3 1 0
MCPWeaver/internal/app/types.go:330.2,330.25 1 0
MCPWeaver/internal/app/types.go:330.25,332.3 1 0
MCPWeaver/internal/app/types.go:333.2,333.82 1 0
MCPWeaver/internal/app/types.go:347.39,360.2 1 1
MCPWeaver/internal/app/validation.go:16.72,17.20 1 1
MCPWeaver/internal/app/validation.go:17.20,19.3 1 1
MCPWeaver/internal/app/validation.go:22.2,22.34 1 1
MCPWeaver/internal/app/validation.go:22.34,24.17 2 1
MCPWeaver/internal/app/validation.go:24.17,26.41 2 1
MCPWeaver/internal/app/validation.go:26.41,29.90 2 1
MCPWeaver/internal/app/validation.go:29.90,32.6 2 1
MCPWeaver/internal/app/validation.go:38.2,42.16 3 1
MCPWeaver/internal/app/validation.go:42.16,44.3 1 0
MCPWeaver/internal/app/validation.go:47.2,51.34 3 1
MCPWeaver/internal/app/validation.go:51.34,53.3 1 1
MCPWeaver/internal/app/validation.go:55.2,55.23 1 1
MCPWeaver/internal/app/validation.go:59.66,60.15 1 1
MCPWeaver/internal/app/validation.go:60.15,62.3 1 1
MCPWeaver/internal/app/validation.go:65.2,65.34 1 1
MCPWeaver/internal/app/validation.go:65.34,68.40 3 1
MCPWeaver/internal/app/validation.go:68.40,71.89 2 0
MCPWeaver/internal/app/validation.go:71.89,74.5 2 0
MCPWeaver/internal/app/validation.go:79.2,83.16 3 1
MCPWeaver/internal/app/validation.go:83.16,85.3 1 0
MCPWeaver/internal/app/validation.go:88.2,92.34 3 1
MCPWeaver/internal/app/validation.go:92.34,94.3 1 1
MCPWeaver/internal/app/validation.go:96.2,96.23 1 1
MCPWeaver/internal/app/validation.go:100.93,112.38 2 1
MCPWeaver/internal/app/validation.go:112.38,123.27 2 1
MCPWeaver/internal/app/validation.go:123.27,129.4 1 1
MCPWeaver/internal/app/validation.go:133.2,133.41 1 1
MCPWeaver/internal/app/validation.go:133.41,140.3 1 1
MCPWeaver/internal/app/validation.go:143.2,143.29 1 1
MCPWeaver/internal/app/validation.go:143.29,155.59 2 1
MCPWeaver/internal/app/validation.go:155.59,161.4 1 0
MCPWeaver/internal/app/validation.go:164.3,164.51 1 1
MCPWeaver/internal/app/validation.go:164.51,169.4 1 0
MCPWeaver/internal/app/validation.go:172.2,172.15 1 1
MCPWeaver/internal/app/validation.go:176.89,179.16 2 1
MCPWeaver/internal/app/validation.go:179.16,181.3 1 0
MCPWeaver/internal/app/validation.go:184.2,193.20 2 1
MCPWeaver/internal/app/validation.go:193.20,194.80 1 1
MCPWeaver/internal/app/validation.go:194.80,196.4 1 1
MCPWeaver/internal/app/validation.go:197.8,197.26 1 1
MCPWeaver/internal/app/validation.go:197.26,199.3 1 1
MCPWeaver/internal/app/validation.go:202.2,202.36 1 1
MCPWeaver/internal/app/validation.go:206.80,207.19 1 1
MCPWeaver/internal/app/validation.go:207.19,209.3 1 1
MCPWeaver/internal/app/validation.go:212.2,220.16 3 1
MCPWeaver/internal/app/validation.go:220.16,224.3 1 0
MCPWeaver/internal/app/validation.go:226.2,226.30 1 1
MCPWeaver/internal/app/validation.go:230.81,231.34 1 1
MCPWeaver/internal/app/validation.go:231.34,233.3 1 0
MCPWeaver/internal/app/validation.go:235.2,236.16 2 1
MCPWeaver/internal/app/validation.go:236.16,240.3 1 0
MCPWeaver/internal/app/validation.go:242.2,242.19 1 1
MCPWeaver/internal/app/validation.go:246.44,247.34 1 1
MCPWeaver/internal/app/validation.go:247.34,249.3 1 0
MCPWeaver/internal/app/validation.go:251.2,252.16 2 1
MCPWeaver/internal/app/validation.go:252.16,256.3 1 0
MCPWeaver/internal/app/validation.go:258.2,258.12 1 1
MCPWeaver/internal/app/validation.go:262.91,263.26 1 0
MCPWeaver/internal/app/validation.go:263.26,271.3 2 0
MCPWeaver/internal/app/validation.go:273.2,275.32 2 0
MCPWeaver/internal/app/validation.go:275.32,277.18 1 0
MCPWeaver/internal/app/validation.go:277.18,278.27 1 0
MCPWeaver/internal/app/validation.go:278.27,287.5 2 0
MCPWeaver/internal/app/validation.go:288.4,288.30 1 0
MCPWeaver/internal/app/validation.go:292.3,292.47 1 0
MCPWeaver/internal/app/validation.go:292.47,299.4 1 0
MCPWeaver/internal/app/validation.go:302.3,302.39 1 0
MCPWeaver/internal/app/validation.go:302.39,303.31 1 0
MCPWeaver/internal/app/validation.go:303.31,310.5 1 0
MCPWeaver/internal/app/validation.go:316.97,317.23 1 0
MCPWeaver/internal/app/validation.go:317.23,325.3 2 0
MCPWeaver/internal/app/validation.go:327.2,327.39 1 0
MCPWeaver/internal/app/validation.go:327.39,328.29 1 0
MCPWeaver/internal/app/validation.go:328.29,337.12 3 0
MCPWeaver/internal/app/validation.go:340.3,343.31 2 0
MCPWeaver/internal/app/validation.go:343.31,350.4 1 0
MCPWeaver/internal/app/validation.go:355.92,357.60 1 0
MCPWeaver/internal/app/validation.go:357.60,360.3 1 0
MCPWeaver/internal/app/validation.go:363.2,363.36 1 0
MCPWeaver/internal/app/validation.go:363.36,366.3 1 0
MCPWeaver/internal/app/validation.go:369.2,370.100 2 0
MCPWeaver/internal/app/validation.go:370.100,372.3 1 0
MCPWeaver/internal/app/validation.go:374.2,374.25 1 0
MCPWeaver/internal/app/validation.go:374.25,377.3 1 0
MCPWeaver/internal/app/validation.go:380.2,380.29 1 0
MCPWeaver/internal/app/validation.go:380.29,382.3 1 0
MCPWeaver/internal/database/db.go:16.39,18.16 2 1
MCPWeaver/internal/database/db.go:18.16,20.3 1 0
MCPWeaver/internal/database/db.go:22.2,22.36 1 1
MCPWeaver/internal/database/db.go:22.36,24.3 1 0
MCPWeaver/internal/database/db.go:26.2,29.38 2 1
MCPWeaver/internal/database/db.go:29.38,31.3 1 0
MCPWeaver/internal/database/db.go:34.2,34.37 1 1
MCPWeaver/internal/database/db.go:34.37,36.3 1 0
MCPWeaver/internal/database/db.go:38.2,38.16 1 1
MCPWeaver/internal/database/db.go:42.29,43.20 1 1
MCPWeaver/internal/database/db.go:43.20,45.3 1 1
MCPWeaver/internal/database/db.go:46.2,46.12 1 0
MCPWeaver/internal/database/db.go:52.32,62.39 2 1
MCPWeaver/internal/database/db.go:62.39,63.49 1 1
MCPWeaver/internal/database/db.go:63.49,65.4 1 0
MCPWeaver/internal/database/db.go:68.2,68.12 1 1
MCPWeaver/internal/database/db.go:72.33,74.2 1 0
MCPWeaver/internal/database/errors.go:28.40,29.20 1 0
MCPWeaver/internal/database/errors.go:29.20,31.3 1 0
MCPWeaver/internal/database/errors.go:32.2,32.82 1 0
MCPWeaver/internal/database/errors.go:36.40,38.2 1 0
MCPWeaver/internal/database/errors.go:41.67,47.2 1 0
MCPWeaver/internal/database/errors.go:50.58,53.2 2 0
MCPWeaver/internal/database/errors.go:56.66,59.2 2 0
MCPWeaver/internal/database/errors.go:62.33,64.2 1 0
MCPWeaver/internal/database/errors.go:67.38,69.2 1 0
MCPWeaver/internal/database/errors.go:72.36,74.2 1 0
MCPWeaver/internal/database/errors.go:77.36,79.2 1 0
MCPWeaver/internal/database/errors.go:82.35,84.2 1 0
MCPWeaver/internal/database/errors.go:87.34,89.2 1 0
MCPWeaver/internal/database/generations.go:15.60,17.2 1 1
MCPWeaver/internal/database/generations.go:20.69,26.35 2 1
MCPWeaver/internal/database/generations.go:26.35,28.3 1 0
MCPWeaver/internal/database/generations.go:30.2,35.16 2 1
MCPWeaver/internal/database/generations.go:35.16,37.3 1 0
MCPWeaver/internal/database/generations.go:39.2,39.12 1 1
MCPWeaver/internal/database/generations.go:43.72,57.16 4 1
MCPWeaver/internal/database/generations.go:57.16,58.27 1 0
MCPWeaver/internal/database/generations.go:58.27,60.4 1 0
MCPWeaver/internal/database/generations.go:61.3,61.62 1 0
MCPWeaver/internal/database/generations.go:64.2,64.24 1 1
MCPWeaver/internal/database/generations.go:68.88,78.16 3 1
MCPWeaver/internal/database/generations.go:78.16,80.3 1 0
MCPWeaver/internal/database/generations.go:81.2,84.18 3 1
MCPWeaver/internal/database/generations.go:84.18,90.17 3 1
MCPWeaver/internal/database/generations.go:90.17,92.4 1 0
MCPWeaver/internal/database/generations.go:93.3,93.48 1 1
MCPWeaver/internal/database/generations.go:96.2,96.25 1 1
MCPWeaver/internal/database/generations.go:100.69,113.16 3 0
MCPWeaver/internal/database/generations.go:113.16,115.3 1 0
MCPWeaver/internal/database/generations.go:117.2,118.16 2 0
MCPWeaver/internal/database/generations.go:118.16,120.3 1 0
MCPWeaver/internal/database/generations.go:122.2,122.23 1 0
MCPWeaver/internal/database/generations.go:122.23,124.3 1 0
MCPWeaver/internal/database/generations.go:126.2,126.12 1 0
MCPWeaver/internal/database/generations.go:130.56,134.16 3 0
MCPWeaver/internal/database/generations.go:134.16,136.3 1 0
MCPWeaver/internal/database/generations.go:138.2,139.16 2 0
MCPWeaver/internal/database/generations.go:139.16,141.3 1 0
MCPWeaver/internal/database/generations.go:143.2,143.23 1 0
MCPWeaver/internal/database/generations.go:143.23,145.3 1 0
MCPWeaver/internal/database/generations.go:147.2,147.12 1 0
MCPWeaver/internal/database/generations.go:151.76,161.16 3 0
MCPWeaver/internal/database/generations.go:161.16,163.3 1 0
MCPWeaver/internal/database/generations.go:164.2,167.18 3 0
MCPWeaver/internal/database/generations.go:167.18,173.17 3 0
MCPWeaver/internal/database/generations.go:173.17,175.4 1 0
MCPWeaver/internal/database/generations.go:176.3,176.48 1 0
MCPWeaver/internal/database/generations.go:179.2,179.25 1 0
MCPWeaver/internal/database/generations.go:183.82,193.16 3 0
MCPWeaver/internal/database/generations.go:193.16,195.3 1 0
MCPWeaver/internal/database/generations.go:196.2,199.18 3 0
MCPWeaver/internal/database/generations.go:199.18,205.17 3 0
MCPWeaver/internal/database/generations.go:205.17,207.4 1 0
MCPWeaver/internal/database/generations.go:208.3,208.48 1 0
MCPWeaver/internal/database/generations.go:211.2,211.25 1 0
MCPWeaver/internal/database/migrations.go:120.48,123.16 3 1
MCPWeaver/internal/database/migrations.go:123.16,125.27 1 0
MCPWeaver/internal/database/migrations.go:125.27,127.4 1 0
MCPWeaver/internal/database/migrations.go:128.3,128.16 1 0
MCPWeaver/internal/database/migrations.go:130.2,130.21 1 1
MCPWeaver/internal/database/migrations.go:134.31,142.16 2 1
MCPWeaver/internal/database/migrations.go:142.16,144.3 1 0
MCPWeaver/internal/database/migrations.go:146.2,147.16 2 1
MCPWeaver/internal/database/migrations.go:147.16,149.3 1 0
MCPWeaver/internal/database/migrations.go:151.2,154.39 2 1
MCPWeaver/internal/database/migrations.go:154.39,155.41 1 1
MCPWeaver/internal/database/migrations.go:155.41,160.18 3 1
MCPWeaver/internal/database/migrations.go:160.18,162.5 1 0
MCPWeaver/internal/database/migrations.go:165.4,166.18 2 1
MCPWeaver/internal/database/migrations.go:166.18,169.5 2 0
MCPWeaver/internal/database/migrations.go:172.4,172.29 1 1
MCPWeaver/internal/database/migrations.go:172.29,174.19 2 0
MCPWeaver/internal/database/migrations.go:174.19,177.6 2 0
MCPWeaver/internal/database/migrations.go:181.4,182.18 2 1
MCPWeaver/internal/database/migrations.go:182.18,184.5 1 0
MCPWeaver/internal/database/migrations.go:186.4,186.70 1 1
MCPWeaver/internal/database/migrations.go:190.2,191.12 2 1
MCPWeaver/internal/database/migrations.go:195.49,197.16 2 0
MCPWeaver/internal/database/migrations.go:197.16,199.3 1 0
MCPWeaver/internal/database/migrations.go:201.2,201.37 1 0
MCPWeaver/internal/database/migrations.go:201.37,203.3 1 0
MCPWeaver/internal/database/migrations.go:206.2,206.44 1 0
MCPWeaver/internal/database/migrations.go:206.44,208.79 2 0
MCPWeaver/internal/database/migrations.go:208.79,213.18 3 0
MCPWeaver/internal/database/migrations.go:213.18,215.5 1 0
MCPWeaver/internal/database/migrations.go:218.4,219.18 2 0
MCPWeaver/internal/database/migrations.go:219.18,222.5 2 0
MCPWeaver/internal/database/migrations.go:225.4,226.18 2 0
MCPWeaver/internal/database/migrations.go:226.18,229.5 2 0
MCPWeaver/internal/database/migrations.go:232.4,233.18 2 0
MCPWeaver/internal/database/migrations.go:233.18,235.5 1 0
MCPWeaver/internal/database/migrations.go:237.4,237.74 1 0
MCPWeaver/internal/database/migrations.go:241.2,242.12 2 0
MCPWeaver/internal/database/projects.go:15.54,17.2 1 1
MCPWeaver/internal/database/projects.go:20.60,35.16 6 1
MCPWeaver/internal/database/projects.go:35.16,37.3 1 0
MCPWeaver/internal/database/projects.go:39.2,39.12 1 1
MCPWeaver/internal/database/projects.go:43.66,58.16 4 1
MCPWeaver/internal/database/projects.go:58.16,59.27 1 1
MCPWeaver/internal/database/projects.go:59.27,61.4 1 1
MCPWeaver/internal/database/projects.go:62.3,62.59 1 0
MCPWeaver/internal/database/projects.go:65.2,65.21 1 1
MCPWeaver/internal/database/projects.go:69.58,78.16 3 1
MCPWeaver/internal/database/projects.go:78.16,80.3 1 0
MCPWeaver/internal/database/projects.go:81.2,84.18 3 1
MCPWeaver/internal/database/projects.go:84.18,91.17 3 1
MCPWeaver/internal/database/projects.go:91.17,93.4 1 0
MCPWeaver/internal/database/projects.go:94.3,94.39 1 1
MCPWeaver/internal/database/projects.go:97.2,97.22 1 1
MCPWeaver/internal/database/projects.go:101.60,117.16 4 1
MCPWeaver/internal/database/projects.go:117.16,119.3 1 0
MCPWeaver/internal/database/projects.go:121.2,122.16 2 1
MCPWeaver/internal/database/projects.go:122.16,124.3 1 0
MCPWeaver/internal/database/projects.go:126.2,126.23 1 1
MCPWeaver/internal/database/projects.go:126.23,128.3 1 0
MCPWeaver/internal/database/projects.go:130.2,130.12 1 1
MCPWeaver/internal/database/projects.go:134.53,138.16 3 1
MCPWeaver/internal/database/projects.go:138.16,140.3 1 0
MCPWeaver/internal/database/projects.go:142.2,143.16 2 1
MCPWeaver/internal/database/projects.go:143.16,145.3 1 0
MCPWeaver/internal/database/projects.go:147.2,147.23 1 1
MCPWeaver/internal/database/projects.go:147.23,149.3 1 0
MCPWeaver/internal/database/projects.go:151.2,151.12 1 1
MCPWeaver/internal/database/projects.go:155.70,170.16 4 0
MCPWeaver/internal/database/projects.go:170.16,171.27 1 0
MCPWeaver/internal/database/projects.go:171.27,173.4 1 0
MCPWeaver/internal/database/projects.go:174.3,174.67 1 0
MCPWeaver/internal/database/projects.go:177.2,177.21 1 0
MCPWeaver/internal/database/projects.go:181.75,191.16 3 0
MCPWeaver/internal/database/projects.go:191.16,193.3 1 0
MCPWeaver/internal/database/projects.go:194.2,197.18 3 0
MCPWeaver/internal/database/projects.go:197.18,204.17 3 0
MCPWeaver/internal/database/projects.go:204.17,206.4 1 0
MCPWeaver/internal/database/projects.go:207.3,207.39 1 0
MCPWeaver/internal/database/projects.go:210.2,210.22 1 0
MCPWeaver/internal/database/projects.go:214.70,224.16 3 0
MCPWeaver/internal/database/projects.go:224.16,226.3 1 0
MCPWeaver/internal/database/projects.go:227.2,230.18 3 0
MCPWeaver/internal/database/projects.go:230.18,237.17 3 0
MCPWeaver/internal/database/projects.go:237.17,239.4 1 0
MCPWeaver/internal/database/projects.go:240.3,240.39 1 0
MCPWeaver/internal/database/projects.go:243.2,243.22 1 0
MCPWeaver/internal/database/repository.go:16.40,23.2 1 0
MCPWeaver/internal/database/repository.go:26.36,28.2 1 0
MCPWeaver/internal/database/repository.go:31.34,33.2 1 0
MCPWeaver/internal/database/repository.go:36.64,38.16 2 0
MCPWeaver/internal/database/repository.go:38.16,40.3 1 0
MCPWeaver/internal/database/repository.go:43.2,44.16 2 0
MCPWeaver/internal/database/repository.go:44.16,47.3 2 0
MCPWeaver/internal/database/repository.go:49.2,49.20 1 0
MCPWeaver/internal/database/settings.go:15.56,17.2 1 1
MCPWeaver/internal/database/settings.go:20.72,31.16 3 1
MCPWeaver/internal/database/settings.go:31.16,33.3 1 0
MCPWeaver/internal/database/settings.go:35.2,35.12 1 1
MCPWeaver/internal/database/settings.go:39.67,50.16 4 1
MCPWeaver/internal/database/settings.go:50.16,51.27 1 0
MCPWeaver/internal/database/settings.go:51.27,53.4 1 0
MCPWeaver/internal/database/settings.go:54.3,54.59 1 0
MCPWeaver/internal/database/settings.go:57.2,57.21 1 1
MCPWeaver/internal/database/settings.go:61.62,69.16 3 1
MCPWeaver/internal/database/settings.go:69.16,71.3 1 0
MCPWeaver/internal/database/settings.go:72.2,75.18 3 1
MCPWeaver/internal/database/settings.go:75.18,78.17 3 1
MCPWeaver/internal/database/settings.go:78.17,80.4 1 0
MCPWeaver/internal/database/settings.go:81.3,81.39 1 1
MCPWeaver/internal/database/settings.go:84.2,84.22 1 1
MCPWeaver/internal/database/settings.go:88.55,92.16 3 0
MCPWeaver/internal/database/settings.go:92.16,94.3 1 0
MCPWeaver/internal/database/settings.go:96.2,97.16 2 0
MCPWeaver/internal/database/settings.go:97.16,99.3 1 0
MCPWeaver/internal/database/settings.go:101.2,101.23 1 0
MCPWeaver/internal/database/settings.go:101.23,103.3 1 0
MCPWeaver/internal/database/settings.go:105.2,105.12 1 0
MCPWeaver/internal/database/settings.go:109.83,118.16 3 0
MCPWeaver/internal/database/settings.go:118.16,120.3 1 0
MCPWeaver/internal/database/settings.go:121.2,124.18 3 0
MCPWeaver/internal/database/settings.go:124.18,127.17 3 0
MCPWeaver/internal/database/settings.go:127.17,129.4 1 0
MCPWeaver/internal/database/settings.go:130.3,130.39 1 0
MCPWeaver/internal/database/settings.go:133.2,133.22 1 0
MCPWeaver/internal/database/settings.go:137.80,139.16 2 0
MCPWeaver/internal/database/settings.go:139.16,141.3 1 0
MCPWeaver/internal/database/settings.go:142.2,154.16 4 0
MCPWeaver/internal/database/settings.go:154.16,156.3 1 0
MCPWeaver/internal/database/settings.go:157.2,160.37 3 0
MCPWeaver/internal/database/settings.go:160.37,162.17 2 0
MCPWeaver/internal/database/settings.go:162.17,164.4 1 0
MCPWeaver/internal/database/settings.go:167.2,167.20 1 0
MCPWeaver/internal/database/validation_cache.go:19.70,21.2 1 1
MCPWeaver/internal/database/validation_cache.go:24.90,36.16 4 1
MCPWeaver/internal/database/validation_cache.go:36.16,37.27 1 1
MCPWeaver/internal/database/validation_cache.go:37.27,39.4 1 1
MCPWeaver/internal/database/validation_cache.go:40.3,40.68 1 0
MCPWeaver/internal/database/validation_cache.go:43.2,43.19 1 1
MCPWeaver/internal/database/validation_cache.go:47.73,58.16 3 1
MCPWeaver/internal/database/validation_cache.go:58.16,60.3 1 0
MCPWeaver/internal/database/validation_cache.go:62.2,62.12 1 1
MCPWeaver/internal/database/validation_cache.go:66.58,70.16 3 1
MCPWeaver/internal/database/validation_cache.go:70.16,72.3 1 0
MCPWeaver/internal/database/validation_cache.go:74.2,75.16 2 1
MCPWeaver/internal/database/validation_cache.go:75.16,77.3 1 0
MCPWeaver/internal/database/validation_cache.go:79.2,80.12 2 1
MCPWeaver/internal/database/validation_cache.go:84.79,99.16 5 1
MCPWeaver/internal/database/validation_cache.go:99.16,101.3 1 0
MCPWeaver/internal/database/validation_cache.go:103.2,103.19 1 1
MCPWeaver/internal/database/validation_cache.go:107.87,109.16 2 1
MCPWeaver/internal/database/validation_cache.go:109.16,111.3 1 1
MCPWeaver/internal/database/validation_cache.go:112.2,115.47 3 1
MCPWeaver/internal/database/validation_cache.go:115.47,117.3 1 0
MCPWeaver/internal/database/validation_cache.go:119.2,119.47 1 1
MCPWeaver/internal/database/validation_cache.go:123.100,128.2 4 1
MCPWeaver/internal/parser/service.go:32.37,33.27 1 1
MCPWeaver/internal/parser/service.go:33.27,35.3 1 1
MCPWeaver/internal/parser/service.go:36.2,36.19 1 1
MCPWeaver/internal/parser/service.go:40.47,41.32 1 1
MCPWeaver/internal/parser/service.go:41.32,43.3 1 1
MCPWeaver/internal/parser/service.go:44.2,44.29 1 1
MCPWeaver/internal/parser/service.go:48.41,49.26 1 0
MCPWeaver/internal/parser/service.go:49.26,51.3 1 0
MCPWeaver/internal/parser/service.go:52.2,52.23 1 0
MCPWeaver/internal/parser/service.go:56.44,57.29 1 0
MCPWeaver/internal/parser/service.go:57.29,59.3 1 0
MCPWeaver/internal/parser/service.go:60.2,60.26 1 0
MCPWeaver/internal/parser/service.go:64.31,65.13 1 1
MCPWeaver/internal/parser/service.go:65.13,67.3 1 0
MCPWeaver/internal/parser/service.go:68.2,70.22 3 1
MCPWeaver/internal/parser/service.go:79.28,83.2 1 1
MCPWeaver/internal/parser/service.go:86.70,88.16 2 0
MCPWeaver/internal/parser/service.go:88.16,90.3 1 0
MCPWeaver/internal/parser/service.go:92.2,92.29 1 0
MCPWeaver/internal/parser/service.go:96.89,98.46 1 0
MCPWeaver/internal/parser/service.go:98.46,100.3 1 0
MCPWeaver/internal/parser/service.go:103.2,104.16 2 0
MCPWeaver/internal/parser/service.go:104.16,106.3 1 0
MCPWeaver/internal/parser/service.go:108.2,108.29 1 0
MCPWeaver/internal/parser/service.go:112.70,115.42 2 1
MCPWeaver/internal/parser/service.go:115.42,118.81 2 0
MCPWeaver/internal/parser/service.go:118.81,120.4 1 0
MCPWeaver/internal/parser/service.go:121.3,121.63 1 0
MCPWeaver/internal/parser/service.go:124.2,133.26 2 1
MCPWeaver/internal/parser/service.go:133.26,135.38 2 0
MCPWeaver/internal/parser/service.go:135.38,137.4 1 0
MCPWeaver/internal/parser/service.go:141.2,141.60 1 1
MCPWeaver/internal/parser/service.go:141.60,142.52 1 0
MCPWeaver/internal/parser/service.go:142.52,144.4 1 0
MCPWeaver/internal/parser/service.go:148.2,149.16 2 1
MCPWeaver/internal/parser/service.go:149.16,151.3 1 0
MCPWeaver/internal/parser/service.go:152.2,154.20 2 1
MCPWeaver/internal/parser/service.go:158.75,161.46 2 1
MCPWeaver/internal/parser/service.go:161.46,162.56 1 1
MCPWeaver/internal/parser/service.go:162.56,163.24 1 1
MCPWeaver/internal/parser/service.go:163.24,164.13 1 0
MCPWeaver/internal/parser/service.go:167.4,178.19 2 1
MCPWeaver/internal/parser/service.go:178.19,180.5 1 0
MCPWeaver/internal/parser/service.go:183.4,184.18 2 1
MCPWeaver/internal/parser/service.go:184.18,186.5 1 0
MCPWeaver/internal/parser/service.go:187.4,190.36 2 1
MCPWeaver/internal/parser/service.go:190.36,192.19 2 0
MCPWeaver/internal/parser/service.go:192.19,194.6 1 0
MCPWeaver/internal/parser/service.go:195.5,195.33 1 0
MCPWeaver/internal/parser/service.go:199.4,200.18 2 1
MCPWeaver/internal/parser/service.go:200.18,202.5 1 0
MCPWeaver/internal/parser/service.go:203.4,206.33 2 1
MCPWeaver/internal/parser/service.go:206.33,207.50 1 0
MCPWeaver/internal/parser/service.go:207.50,209.6 1 0
MCPWeaver/internal/parser/service.go:212.4,212.39 1 1
MCPWeaver/internal/parser/service.go:216.2,216.24 1 1
MCPWeaver/internal/parser/service.go:220.67,225.29 3 1
MCPWeaver/internal/parser/service.go:225.29,226.17 1 1
MCPWeaver/internal/parser/service.go:226.17,227.12 1 1
MCPWeaver/internal/parser/service.go:230.3,233.26 3 1
MCPWeaver/internal/parser/service.go:233.26,235.4 1 1
MCPWeaver/internal/parser/service.go:236.3,236.40 1 1
MCPWeaver/internal/parser/service.go:239.2,240.52 2 1
MCPWeaver/internal/parser/service.go:244.86,247.34 2 1
MCPWeaver/internal/parser/service.go:247.34,248.28 1 0
MCPWeaver/internal/parser/service.go:248.28,249.12 1 0
MCPWeaver/internal/parser/service.go:252.3,261.41 2 0
MCPWeaver/internal/parser/service.go:264.2,264.24 1 1
MCPWeaver/internal/parser/service.go:268.97,269.50 1 0
MCPWeaver/internal/parser/service.go:269.50,271.3 1 0
MCPWeaver/internal/parser/service.go:273.2,279.64 2 0
MCPWeaver/internal/parser/service.go:279.64,286.3 2 0
MCPWeaver/internal/parser/service.go:288.2,288.25 1 0
MCPWeaver/internal/parser/service.go:292.97,295.22 2 1
MCPWeaver/internal/parser/service.go:295.22,297.3 1 0
MCPWeaver/internal/parser/service.go:299.2,299.51 1 1
MCPWeaver/internal/parser/service.go:299.51,300.31 1 0
MCPWeaver/internal/parser/service.go:300.31,301.12 1 0
MCPWeaver/internal/parser/service.go:304.3,305.43 2 0
MCPWeaver/internal/parser/service.go:305.43,307.4 1 0
MCPWeaver/internal/parser/service.go:309.3,315.66 2 0
MCPWeaver/internal/parser/service.go:315.66,322.4 2 0
MCPWeaver/internal/parser/service.go:324.3,324.28 1 0
MCPWeaver/internal/parser/service.go:327.2,327.20 1 1
MCPWeaver/internal/parser/service.go:331.100,339.16 3 0
MCPWeaver/internal/parser/service.go:339.16,341.3 1 0
MCPWeaver/internal/parser/service.go:344.2,349.16 4 0
MCPWeaver/internal/parser/service.go:349.16,351.3 1 0
MCPWeaver/internal/parser/service.go:352.2,352.15 1 0
MCPWeaver/internal/parser/service.go:352.15,352.40 1 0
MCPWeaver/internal/parser/service.go:354.2,354.38 1 0
MCPWeaver/internal/parser/service.go:354.38,356.3 1 0
MCPWeaver/internal/parser/service.go:359.2,360.16 2 0
MCPWeaver/internal/parser/service.go:360.16,362.3 1 0
MCPWeaver/internal/parser/service.go:365.2,374.12 5 0
MCPWeaver/internal/parser/service.go:374.12,377.17 2 0
MCPWeaver/internal/parser/service.go:377.17,380.4 1 0
MCPWeaver/internal/parser/service.go:381.8,384.17 2 0
MCPWeaver/internal/parser/service.go:384.17,387.4 1 0
MCPWeaver/internal/parser/service.go:390.2,390.16 1 0
MCPWeaver/internal/parser/service.go:390.16,392.3 1 0
MCPWeaver/internal/parser/service.go:394.2,394.17 1 0
MCPWeaver/internal/parser/service.go:398.58,403.37 3 1
MCPWeaver/internal/parser/service.go:403.37,405.3 1 0
MCPWeaver/internal/parser/service.go:408.2,413.29 4 1
MCPWeaver/internal/parser/service.go:413.29,414.73 1 1
MCPWeaver/internal/parser/service.go:414.73,416.23 2 1
MCPWeaver/internal/parser/service.go:416.23,422.45 4 1
MCPWeaver/internal/parser/service.go:422.45,425.6 2 0
MCPWeaver/internal/parser/service.go:425.11,425.51 1 1
MCPWeaver/internal/parser/service.go:425.51,428.6 2 1
MCPWeaver/internal/parser/service.go:431.5,431.83 1 1
MCPWeaver/internal/parser/service.go:431.83,433.6 1 1
MCPWeaver/internal/parser/service.go:436.5,436.85 1 1
MCPWeaver/internal/parser/service.go:436.85,438.102 1 1
MCPWeaver/internal/parser/service.go:438.102,440.7 1 1
MCPWeaver/internal/parser/service.go:440.12,446.7 4 0
MCPWeaver/internal/parser/service.go:448.6,449.27 2 1
MCPWeaver/internal/parser/service.go:449.27,450.22 1 1
MCPWeaver/internal/parser/service.go:450.22,452.8 1 1
MCPWeaver/internal/parser/service.go:452.13,454.8 1 0
MCPWeaver/internal/parser/service.go:455.12,457.7 1 0
MCPWeaver/internal/parser/service.go:463.2,463.42 1 1
MCPWeaver/internal/project/service.go:30.21,32.2 1 0
MCPWeaver/internal/project/service.go:35.91,45.2 2 0
MCPWeaver/internal/project/service.go:48.67,51.2 1 0
MCPWeaver/internal/project/service.go:54.77,57.2 1 0
MCPWeaver/internal/project/service.go:60.26,62.2 1 0
MCPWeaver/internal/validator/service.go:136.21,140.2 1 1
MCPWeaver/internal/validator/service.go:143.98,157.43 3 1
MCPWeaver/internal/validator/service.go:157.43,160.3 2 1
MCPWeaver/internal/validator/service.go:163.2,179.20 10 1
MCPWeaver/internal/validator/service.go:183.97,185.53 1 1
MCPWeaver/internal/validator/service.go:185.53,200.3 1 1
MCPWeaver/internal/validator/service.go:203.2,204.16 2 1
MCPWeaver/internal/validator/service.go:204.16,222.3 1 0
MCPWeaver/internal/validator/service.go:225.2,225.34 1 1
MCPWeaver/internal/validator/service.go:229.95,231.46 1 1
MCPWeaver/internal/validator/service.go:231.46,246.3 1 0
MCPWeaver/internal/validator/service.go:249.2,250.16 2 1
MCPWeaver/internal/validator/service.go:250.16,265.3 1 0
MCPWeaver/internal/validator/service.go:267.2,268.16 2 1
MCPWeaver/internal/validator/service.go:268.16,283.3 1 1
MCPWeaver/internal/validator/service.go:286.2,286.34 1 0
MCPWeaver/internal/validator/service.go:290.77,298.73 5 1
MCPWeaver/internal/validator/service.go:298.73,300.3 1 0
MCPWeaver/internal/validator/service.go:301.2,301.75 1 1
MCPWeaver/internal/validator/service.go:301.75,303.3 1 0
MCPWeaver/internal/validator/service.go:305.2,317.4 1 1
MCPWeaver/internal/validator/service.go:321.79,336.2 2 1
MCPWeaver/internal/validator/service.go:339.82,340.23 1 1
MCPWeaver/internal/validator/service.go:340.23,349.3 2 0
MCPWeaver/internal/validator/service.go:351.2,353.47 2 1
MCPWeaver/internal/validator/service.go:353.47,354.22 1 1
MCPWeaver/internal/validator/service.go:354.22,355.12 1 0
MCPWeaver/internal/validator/service.go:358.3,358.56 1 1
MCPWeaver/internal/validator/service.go:358.56,359.24 1 1
MCPWeaver/internal/validator/service.go:359.24,360.13 1 0
MCPWeaver/internal/validator/service.go:363.4,366.35 2 1
MCPWeaver/internal/validator/service.go:366.35,367.44 1 1
MCPWeaver/internal/validator/service.go:367.44,376.6 2 1
MCPWeaver/internal/validator/service.go:377.5,377.47 1 1
MCPWeaver/internal/validator/service.go:381.4,381.62 1 1
MCPWeaver/internal/validator/service.go:381.62,389.5 1 1
MCPWeaver/internal/validator/service.go:392.4,395.60 2 1
MCPWeaver/internal/validator/service.go:401.79,402.62 1 1
MCPWeaver/internal/validator/service.go:402.62,411.3 2 1
MCPWeaver/internal/validator/service.go:413.2,413.55 1 1
MCPWeaver/internal/validator/service.go:413.55,414.29 1 1
MCPWeaver/internal/validator/service.go:414.29,423.12 3 0
MCPWeaver/internal/validator/service.go:426.3,430.31 3 1
MCPWeaver/internal/validator/service.go:430.31,438.4 1 1
MCPWeaver/internal/validator/service.go:441.3,441.57 1 1
MCPWeaver/internal/validator/service.go:446.87,447.70 1 1
MCPWeaver/internal/validator/service.go:447.70,451.3 2 1
MCPWeaver/internal/validator/service.go:453.2,453.71 1 0
MCPWeaver/internal/validator/service.go:453.71,454.37 1 0
MCPWeaver/internal/validator/service.go:454.37,463.4 2 0
MCPWeaver/internal/validator/service.go:468.79,469.28 1 1
MCPWeaver/internal/validator/service.go:469.28,473.3 2 1
MCPWeaver/internal/validator/service.go:475.2,475.38 1 0
MCPWeaver/internal/validator/service.go:475.38,476.23 1 0
MCPWeaver/internal/validator/service.go:476.23,484.4 1 0
MCPWeaver/internal/validator/service.go:489.81,492.2 0 1
MCPWeaver/internal/validator/service.go:495.83,498.2 0 1
MCPWeaver/internal/validator/service.go:501.57,502.23 1 1
MCPWeaver/internal/validator/service.go:502.23,504.3 1 0
MCPWeaver/internal/validator/service.go:506.2,507.44 2 1
MCPWeaver/internal/validator/service.go:507.44,508.22 1 1
MCPWeaver/internal/validator/service.go:508.22,510.4 1 1
MCPWeaver/internal/validator/service.go:512.2,512.14 1 1
MCPWeaver/internal/validator/service.go:515.54,516.62 1 1
MCPWeaver/internal/validator/service.go:516.62,518.3 1 1
MCPWeaver/internal/validator/service.go:519.2,519.37 1 1
MCPWeaver/internal/validator/service.go:522.81,525.70 2 1
MCPWeaver/internal/validator/service.go:525.70,527.3 1 1
MCPWeaver/internal/validator/service.go:529.2,529.63 1 0
MCPWeaver/internal/validator/service.go:529.63,530.29 1 0
MCPWeaver/internal/validator/service.go:530.29,531.12 1 0
MCPWeaver/internal/validator/service.go:534.3,541.22 3 0
MCPWeaver/internal/validator/service.go:541.22,543.4 1 0
MCPWeaver/internal/validator/service.go:544.3,544.26 1 0
MCPWeaver/internal/validator/service.go:544.26,546.4 1 0
MCPWeaver/internal/validator/service.go:547.3,547.32 1 0
MCPWeaver/internal/validator/service.go:547.32,549.4 1 0
MCPWeaver/internal/validator/service.go:550.3,550.36 1 0
MCPWeaver/internal/validator/service.go:550.36,552.4 1 0
MCPWeaver/internal/validator/service.go:554.3,554.34 1 0
MCPWeaver/internal/validator/service.go:557.2,557.16 1 0
MCPWeaver/internal/validator/service.go:560.65,563.38 2 1
MCPWeaver/internal/validator/service.go:563.38,570.48 2 0
MCPWeaver/internal/validator/service.go:570.48,576.4 1 0
MCPWeaver/internal/validator/service.go:578.3,578.34 1 0
MCPWeaver/internal/validator/service.go:581.2,581.16 1 1
MCPWeaver/internal/validator/service.go:584.59,587.32 2 1
MCPWeaver/internal/validator/service.go:587.32,593.30 2 0
MCPWeaver/internal/validator/service.go:593.30,598.4 1 0
MCPWeaver/internal/validator/service.go:600.3,600.28 1 0
MCPWeaver/internal/validator/service.go:603.2,603.13 1 1
MCPWeaver/internal/validator/service.go:606.70,612.27 4 1
MCPWeaver/internal/validator/service.go:612.27,614.3 1 1
MCPWeaver/internal/validator/service.go:614.8,614.33 1 1
MCPWeaver/internal/validator/service.go:614.33,616.3 1 1
MCPWeaver/internal/validator/service.go:617.2,617.22 1 1
MCPWeaver/internal/validator/service.go:620.57,623.26 2 1
MCPWeaver/internal/validator/service.go:623.26,625.3 1 0
MCPWeaver/internal/validator/service.go:625.8,625.32 1 1
MCPWeaver/internal/validator/service.go:625.32,627.3 1 0
MCPWeaver/internal/validator/service.go:628.2,628.16 1 1
MCPWeaver/internal/validator/service.go:632.109,633.34 1 1
MCPWeaver/internal/validator/service.go:633.34,634.28 1 0
MCPWeaver/internal/validator/service.go:634.28,635.12 1 0
MCPWeaver/internal/validator/service.go:638.3,641.30 3 0
MCPWeaver/internal/validator/service.go:641.30,649.4 1 0
MCPWeaver/internal/validator/service.go:653.111,654.22 1 1
MCPWeaver/internal/validator/service.go:654.22,663.3 2 0
MCPWeaver/internal/validator/service.go:666.2,667.38 2 1
MCPWeaver/internal/validator/service.go:667.38,668.37 1 1
MCPWeaver/internal/validator/service.go:668.37,670.9 2 1
MCPWeaver/internal/validator/service.go:674.2,674.25 1 1
MCPWeaver/internal/validator/service.go:674.25,682.3 1 0
MCPWeaver/internal/validator/service.go:685.114,687.43 1 1
MCPWeaver/internal/validator/service.go:687.43,688.69 1 1
MCPWeaver/internal/validator/service.go:688.69,697.4 2 0
MCPWeaver/internal/validator/service.go:702.83,704.34 1 1
MCPWeaver/internal/validator/service.go:704.34,707.3 1 0
MCPWeaver/internal/validator/service.go:710.2,710.28 1 1
MCPWeaver/internal/validator/service.go:710.28,713.3 1 1
MCPWeaver/internal/validator/service.go:716.2,716.24 1 1
MCPWeaver/internal/validator/service.go:716.24,719.3 1 0
MCPWeaver/internal/validator/service.go:723.66,727.48 3 1
MCPWeaver/internal/validator/service.go:727.48,730.3 1 0
MCPWeaver/internal/validator/service.go:731.2,731.41 1 1
MCPWeaver/internal/validator/service.go:731.41,734.3 1 1
MCPWeaver/internal/validator/service.go:735.2,735.47 1 1
MCPWeaver/internal/validator/service.go:735.47,738.3 1 1
MCPWeaver/internal/validator/service.go:739.2,739.40 1 1
MCPWeaver/internal/validator/service.go:739.40,742.3 1 1
MCPWeaver/internal/validator/service.go:743.2,743.40 1 1
MCPWeaver/internal/validator/service.go:743.40,746.3 1 1
MCPWeaver/internal/validator/service.go:748.2,748.20 1 1
MCPWeaver/internal/validator/service.go:752.66,756.46 3 1
MCPWeaver/internal/validator/service.go:756.46,759.3 1 1
MCPWeaver/internal/validator/service.go:760.2,760.43 1 1
MCPWeaver/internal/validator/service.go:760.43,763.3 1 1
MCPWeaver/internal/validator/service.go:764.2,764.46 1 1
MCPWeaver/internal/validator/service.go:764.46,767.3 1 1
MCPWeaver/internal/validator/service.go:769.2,769.20 1 1
